Flow report for Led_blink
Sat Dec 05 11:34:12 2020
Quartus II 64-Bit Version 13.0.1 Build 232 06/12/2013 Service Pack 1 SJ Full Version


---------------------
; Table of Contents ;
---------------------
  1. Legal Notice
  2. Flow Summary
  3. Flow Settings
  4. Flow Non-Default Global Settings
  5. Flow Elapsed Time
  6. Flow OS Summary
  7. Flow Log
  8. Flow Messages
  9. Flow Suppressed Messages



----------------
; Legal Notice ;
----------------
Copyright (C) 1991-2013 Altera Corporation
Your use of Altera Corporation's design tools, logic functions 
and other software and tools, and its AMPP partner logic 
functions, and any output files from any of the foregoing 
(including device programming or simulation files), and any 
associated documentation or information are expressly subject 
to the terms and conditions of the Altera Program License 
Subscription Agreement, Altera MegaCore Function License 
Agreement, or other applicable license agreement, including, 
without limitation, that your use is for the sole purpose of 
programming logic devices manufactured by Altera and sold by 
Altera or its authorized distributors.  Please refer to the 
applicable agreement for further details.



+------------------------------------------------------------------------------+
; Flow Summary                                                                 ;
+---------------------------+--------------------------------------------------+
; Flow Status               ; Successful - Sat Dec 05 11:34:12 2020            ;
; Quartus II 64-Bit Version ; 13.0.1 Build 232 06/12/2013 SP 1 SJ Full Version ;
; Revision Name             ; Led_blink                                        ;
; Top-level Entity Name     ; Led_blink                                        ;
; Family                    ; Cyclone                                          ;
; Device                    ; EP1C3T144C8                                      ;
; Timing Models             ; Final                                            ;
; Total logic elements      ; 55 / 2,910 ( 2 % )                               ;
; Total pins                ; 2 / 104 ( 2 % )                                  ;
; Total virtual pins        ; 0                                                ;
; Total memory bits         ; 0 / 59,904 ( 0 % )                               ;
; Total PLLs                ; 0 / 1 ( 0 % )                                    ;
+---------------------------+--------------------------------------------------+


+-----------------------------------------+
; Flow Settings                           ;
+-------------------+---------------------+
; Option            ; Setting             ;
+-------------------+---------------------+
; Start date & time ; 12/05/2020 11:33:39 ;
; Main task         ; Compilation         ;
; Revision Name     ; Led_blink           ;
+-------------------+---------------------+


+------------------------------------------------------------------------------------------------------------------+
; Flow Non-Default Global Settings                                                                                 ;
+-------------------------------------+-----------------------------+---------------+-------------+----------------+
; Assignment Name                     ; Value                       ; Default Value ; Entity Name ; Section Id     ;
+-------------------------------------+-----------------------------+---------------+-------------+----------------+
; COMPILER_SIGNATURE_ID               ; 91764091956.160716441903404 ; --            ; --          ; --             ;
; EDA_OUTPUT_DATA_FORMAT              ; Vhdl                        ; --            ; --          ; eda_simulation ;
; EDA_SIMULATION_TOOL                 ; ModelSim-Altera (VHDL)      ; <None>        ; --          ; --             ;
; PARTITION_COLOR                     ; 16764057                    ; --            ; --          ; Top            ;
; PARTITION_FITTER_PRESERVATION_LEVEL ; PLACEMENT_AND_ROUTING       ; --            ; --          ; Top            ;
; PARTITION_NETLIST_TYPE              ; SOURCE                      ; --            ; --          ; Top            ;
; PROJECT_OUTPUT_DIRECTORY            ; output_files                ; --            ; --          ; --             ;
+-------------------------------------+-----------------------------+---------------+-------------+----------------+


+-------------------------------------------------------------------------------------------------------------------------------+
; Flow Elapsed Time                                                                                                             ;
+---------------------------+--------------+-------------------------+---------------------+------------------------------------+
; Module Name               ; Elapsed Time ; Average Processors Used ; Peak Virtual Memory ; Total CPU Time (on all processors) ;
+---------------------------+--------------+-------------------------+---------------------+------------------------------------+
; Analysis & Synthesis      ; 00:00:07     ; 1.0                     ; 4611 MB             ; 00:00:02                           ;
; Fitter                    ; 00:00:12     ; 1.0                     ; 4971 MB             ; 00:00:03                           ;
; Assembler                 ; 00:00:02     ; 1.0                     ; 4513 MB             ; 00:00:01                           ;
; TimeQuest Timing Analyzer ; 00:00:02     ; 1.0                     ; 4538 MB             ; 00:00:01                           ;
; EDA Netlist Writer        ; 00:00:02     ; 1.0                     ; 4490 MB             ; 00:00:01                           ;
; Total                     ; 00:00:25     ; --                      ; --                  ; 00:00:08                           ;
+---------------------------+--------------+-------------------------+---------------------+------------------------------------+


+----------------------------------------------------------------------------------------+
; Flow OS Summary                                                                        ;
+---------------------------+------------------+-----------+------------+----------------+
; Module Name               ; Machine Hostname ; OS Name   ; OS Version ; Processor type ;
+---------------------------+------------------+-----------+------------+----------------+
; Analysis & Synthesis      ; AnasTaher        ; Windows 7 ; 6.2        ; x86_64         ;
; Fitter                    ; AnasTaher        ; Windows 7 ; 6.2        ; x86_64         ;
; Assembler                 ; AnasTaher        ; Windows 7 ; 6.2        ; x86_64         ;
; TimeQuest Timing Analyzer ; AnasTaher        ; Windows 7 ; 6.2        ; x86_64         ;
; EDA Netlist Writer        ; AnasTaher        ; Windows 7 ; 6.2        ; x86_64         ;
+---------------------------+------------------+-----------+------------+----------------+


------------
; Flow Log ;
------------
quartus_map --read_settings_files=on --write_settings_files=off Led_blink -c Led_blink
quartus_fit --read_settings_files=off --write_settings_files=off Led_blink -c Led_blink
quartus_asm --read_settings_files=off --write_settings_files=off Led_blink -c Led_blink
quartus_sta Led_blink -c Led_blink
quartus_eda --read_settings_files=off --write_settings_files=off Led_blink -c Led_blink



