Flow report for LCD1602
Sat Dec 05 12:31:56 2020
Quartus II 64-Bit Version 13.0.1 Build 232 06/12/2013 Service Pack 1 SJ Full Version


---------------------
; Table of Contents ;
---------------------
  1. Legal Notice
  2. Flow Summary
  3. Flow Settings
  4. Flow Non-Default Global Settings
  5. Flow Elapsed Time
  6. Flow OS Summary
  7. Flow Log
  8. Flow Messages
  9. Flow Suppressed Messages



----------------
; Legal Notice ;
----------------
Copyright (C) 1991-2013 Altera Corporation
Your use of Altera Corporation's design tools, logic functions 
and other software and tools, and its AMPP partner logic 
functions, and any output files from any of the foregoing 
(including device programming or simulation files), and any 
associated documentation or information are expressly subject 
to the terms and conditions of the Altera Program License 
Subscription Agreement, Altera MegaCore Function License 
Agreement, or other applicable license agreement, including, 
without limitation, that your use is for the sole purpose of 
programming logic devices manufactured by Altera and sold by 
Altera or its authorized distributors.  Please refer to the 
applicable agreement for further details.



+------------------------------------------------------------------------------+
; Flow Summary                                                                 ;
+---------------------------+--------------------------------------------------+
; Flow Status               ; Successful - Sat Dec 05 12:31:54 2020            ;
; Quartus II 64-Bit Version ; 13.0.1 Build 232 06/12/2013 SP 1 SJ Full Version ;
; Revision Name             ; LCD1602                                          ;
; Top-level Entity Name     ; ControllerTest_TOP                               ;
; Family                    ; Cyclone                                          ;
; Device                    ; EP1C3T144C8                                      ;
; Timing Models             ; Final                                            ;
; Total logic elements      ; 232 / 2,910 ( 8 % )                              ;
; Total pins                ; 13 / 104 ( 13 % )                                ;
; Total virtual pins        ; 0                                                ;
; Total memory bits         ; 0 / 59,904 ( 0 % )                               ;
; Total PLLs                ; 0 / 1 ( 0 % )                                    ;
+---------------------------+--------------------------------------------------+


+-----------------------------------------+
; Flow Settings                           ;
+-------------------+---------------------+
; Option            ; Setting             ;
+-------------------+---------------------+
; Start date & time ; 12/05/2020 12:31:43 ;
; Main task         ; Compilation         ;
; Revision Name     ; LCD1602             ;
+-------------------+---------------------+


+---------------------------------------------------------------------------------------------------------------------+
; Flow Non-Default Global Settings                                                                                    ;
+-------------------------------------+-----------------------------+---------------+--------------------+------------+
; Assignment Name                     ; Value                       ; Default Value ; Entity Name        ; Section Id ;
+-------------------------------------+-----------------------------+---------------+--------------------+------------+
; COMPILER_SIGNATURE_ID               ; 91764091956.160716790200268 ; --            ; --                 ; --         ;
; PARTITION_COLOR                     ; 16764057                    ; --            ; ControllerTest_TOP ; Top        ;
; PARTITION_FITTER_PRESERVATION_LEVEL ; PLACEMENT_AND_ROUTING       ; --            ; ControllerTest_TOP ; Top        ;
; PARTITION_NETLIST_TYPE              ; SOURCE                      ; --            ; ControllerTest_TOP ; Top        ;
; PROJECT_OUTPUT_DIRECTORY            ; output_files                ; --            ; --                 ; --         ;
; TOP_LEVEL_ENTITY                    ; ControllerTest_TOP          ; LCD1602       ; --                 ; --         ;
+-------------------------------------+-----------------------------+---------------+--------------------+------------+


+-------------------------------------------------------------------------------------------------------------------------------+
; Flow Elapsed Time                                                                                                             ;
+---------------------------+--------------+-------------------------+---------------------+------------------------------------+
; Module Name               ; Elapsed Time ; Average Processors Used ; Peak Virtual Memory ; Total CPU Time (on all processors) ;
+---------------------------+--------------+-------------------------+---------------------+------------------------------------+
; Analysis & Synthesis      ; 00:00:04     ; 1.0                     ; 4605 MB             ; 00:00:04                           ;
; Fitter                    ; 00:00:04     ; 1.3                     ; 4976 MB             ; 00:00:05                           ;
; Assembler                 ; 00:00:01     ; 1.0                     ; 4512 MB             ; 00:00:01                           ;
; TimeQuest Timing Analyzer ; 00:00:01     ; 1.0                     ; 4540 MB             ; 00:00:02                           ;
; Total                     ; 00:00:10     ; --                      ; --                  ; 00:00:12                           ;
+---------------------------+--------------+-------------------------+---------------------+------------------------------------+


+----------------------------------------------------------------------------------------+
; Flow OS Summary                                                                        ;
+---------------------------+------------------+-----------+------------+----------------+
; Module Name               ; Machine Hostname ; OS Name   ; OS Version ; Processor type ;
+---------------------------+------------------+-----------+------------+----------------+
; Analysis & Synthesis      ; AnasTaher        ; Windows 7 ; 6.2        ; x86_64         ;
; Fitter                    ; AnasTaher        ; Windows 7 ; 6.2        ; x86_64         ;
; Assembler                 ; AnasTaher        ; Windows 7 ; 6.2        ; x86_64         ;
; TimeQuest Timing Analyzer ; AnasTaher        ; Windows 7 ; 6.2        ; x86_64         ;
+---------------------------+------------------+-----------+------------+----------------+


------------
; Flow Log ;
------------
quartus_map --read_settings_files=on --write_settings_files=off LCD1602 -c LCD1602
quartus_fit --read_settings_files=off --write_settings_files=off LCD1602 -c LCD1602
quartus_asm --read_settings_files=off --write_settings_files=off LCD1602 -c LCD1602
quartus_sta LCD1602 -c LCD1602



