Analysis & Synthesis report for LCD1602
Sat Dec 05 12:31:46 2020
Quartus II 64-Bit Version 13.0.1 Build 232 06/12/2013 Service Pack 1 SJ Full Version


---------------------
; Table of Contents ;
---------------------
  1. Legal Notice
  2. Analysis & Synthesis Summary
  3. Analysis & Synthesis Settings
  4. Parallel Compilation
  5. Analysis & Synthesis Source Files Read
  6. Analysis & Synthesis Resource Usage Summary
  7. Analysis & Synthesis Resource Utilization by Entity
  8. State Machine - |ControllerTest_TOP|lcd_controller:LCD|state
  9. Registers Removed During Synthesis
 10. General Register Statistics
 11. Inverted Register Statistics
 12. Multiplexer Restructuring Statistics (Restructuring Performed)
 13. Port Connectivity Checks: "lcd_controller:LCD"
 14. Elapsed Time Per Partition
 15. Analysis & Synthesis Messages



----------------
; Legal Notice ;
----------------
Copyright (C) 1991-2013 Altera Corporation
Your use of Altera Corporation's design tools, logic functions 
and other software and tools, and its AMPP partner logic 
functions, and any output files from any of the foregoing 
(including device programming or simulation files), and any 
associated documentation or information are expressly subject 
to the terms and conditions of the Altera Program License 
Subscription Agreement, Altera MegaCore Function License 
Agreement, or other applicable license agreement, including, 
without limitation, that your use is for the sole purpose of 
programming logic devices manufactured by Altera and sold by 
Altera or its authorized distributors.  Please refer to the 
applicable agreement for further details.



+--------------------------------------------------------------------------------+
; Analysis & Synthesis Summary                                                   ;
+-----------------------------+--------------------------------------------------+
; Analysis & Synthesis Status ; Successful - Sat Dec 05 12:31:46 2020            ;
; Quartus II 64-Bit Version   ; 13.0.1 Build 232 06/12/2013 SP 1 SJ Full Version ;
; Revision Name               ; LCD1602                                          ;
; Top-level Entity Name       ; ControllerTest_TOP                               ;
; Family                      ; Cyclone                                          ;
; Total logic elements        ; 232                                              ;
; Total pins                  ; 13                                               ;
; Total virtual pins          ; 0                                                ;
; Total memory bits           ; 0                                                ;
; Total PLLs                  ; 0                                                ;
+-----------------------------+--------------------------------------------------+


+----------------------------------------------------------------------------------------------------------------------+
; Analysis & Synthesis Settings                                                                                        ;
+----------------------------------------------------------------------------+--------------------+--------------------+
; Option                                                                     ; Setting            ; Default Value      ;
+----------------------------------------------------------------------------+--------------------+--------------------+
; Device                                                                     ; EP1C3T144C8        ;                    ;
; Top-level entity name                                                      ; ControllerTest_TOP ; LCD1602            ;
; Family name                                                                ; Cyclone            ; Cyclone IV GX      ;
; Use smart compilation                                                      ; Off                ; Off                ;
; Enable parallel Assembler and TimeQuest Timing Analyzer during compilation ; On                 ; On                 ;
; Enable compact report table                                                ; Off                ; Off                ;
; Restructure Multiplexers                                                   ; Auto               ; Auto               ;
; Create Debugging Nodes for IP Cores                                        ; Off                ; Off                ;
; Preserve fewer node names                                                  ; On                 ; On                 ;
; Disable OpenCore Plus hardware evaluation                                  ; Off                ; Off                ;
; Verilog Version                                                            ; Verilog_2001       ; Verilog_2001       ;
; VHDL Version                                                               ; VHDL_1993          ; VHDL_1993          ;
; State Machine Processing                                                   ; Auto               ; Auto               ;
; Safe State Machine                                                         ; Off                ; Off                ;
; Extract Verilog State Machines                                             ; On                 ; On                 ;
; Extract VHDL State Machines                                                ; On                 ; On                 ;
; Ignore Verilog initial constructs                                          ; Off                ; Off                ;
; Iteration limit for constant Verilog loops                                 ; 5000               ; 5000               ;
; Iteration limit for non-constant Verilog loops                             ; 250                ; 250                ;
; Add Pass-Through Logic to Inferred RAMs                                    ; On                 ; On                 ;
; Infer RAMs from Raw Logic                                                  ; On                 ; On                 ;
; Parallel Synthesis                                                         ; On                 ; On                 ;
; NOT Gate Push-Back                                                         ; On                 ; On                 ;
; Power-Up Don't Care                                                        ; On                 ; On                 ;
; Remove Redundant Logic Cells                                               ; Off                ; Off                ;
; Remove Duplicate Registers                                                 ; On                 ; On                 ;
; Ignore CARRY Buffers                                                       ; Off                ; Off                ;
; Ignore CASCADE Buffers                                                     ; Off                ; Off                ;
; Ignore GLOBAL Buffers                                                      ; Off                ; Off                ;
; Ignore ROW GLOBAL Buffers                                                  ; Off                ; Off                ;
; Ignore LCELL Buffers                                                       ; Off                ; Off                ;
; Ignore SOFT Buffers                                                        ; On                 ; On                 ;
; Limit AHDL Integers to 32 Bits                                             ; Off                ; Off                ;
; Optimization Technique                                                     ; Balanced           ; Balanced           ;
; Carry Chain Length                                                         ; 70                 ; 70                 ;
; Auto Carry Chains                                                          ; On                 ; On                 ;
; Auto Open-Drain Pins                                                       ; On                 ; On                 ;
; Perform WYSIWYG Primitive Resynthesis                                      ; Off                ; Off                ;
; Auto ROM Replacement                                                       ; On                 ; On                 ;
; Auto RAM Replacement                                                       ; On                 ; On                 ;
; Auto Shift Register Replacement                                            ; Auto               ; Auto               ;
; Allow Shift Register Merging across Hierarchies                            ; Auto               ; Auto               ;
; Auto Clock Enable Replacement                                              ; On                 ; On                 ;
; Strict RAM Replacement                                                     ; Off                ; Off                ;
; Allow Synchronous Control Signals                                          ; On                 ; On                 ;
; Force Use of Synchronous Clear Signals                                     ; Off                ; Off                ;
; Auto RAM Block Balancing                                                   ; On                 ; On                 ;
; Auto RAM to Logic Cell Conversion                                          ; Off                ; Off                ;
; Auto Resource Sharing                                                      ; Off                ; Off                ;
; Allow Any RAM Size For Recognition                                         ; Off                ; Off                ;
; Allow Any ROM Size For Recognition                                         ; Off                ; Off                ;
; Allow Any Shift Register Size For Recognition                              ; Off                ; Off                ;
; Use LogicLock Constraints during Resource Balancing                        ; On                 ; On                 ;
; Ignore translate_off and synthesis_off directives                          ; Off                ; Off                ;
; Report Parameter Settings                                                  ; On                 ; On                 ;
; Report Source Assignments                                                  ; On                 ; On                 ;
; Report Connectivity Checks                                                 ; On                 ; On                 ;
; Ignore Maximum Fan-Out Assignments                                         ; Off                ; Off                ;
; Synchronization Register Chain Length                                      ; 2                  ; 2                  ;
; PowerPlay Power Optimization                                               ; Normal compilation ; Normal compilation ;
; HDL message level                                                          ; Level2             ; Level2             ;
; Suppress Register Optimization Related Messages                            ; Off                ; Off                ;
; Number of Removed Registers Reported in Synthesis Report                   ; 5000               ; 5000               ;
; Number of Swept Nodes Reported in Synthesis Report                         ; 5000               ; 5000               ;
; Number of Inverted Registers Reported in Synthesis Report                  ; 100                ; 100                ;
; Clock MUX Protection                                                       ; On                 ; On                 ;
; Block Design Naming                                                        ; Auto               ; Auto               ;
; Synthesis Effort                                                           ; Auto               ; Auto               ;
; Shift Register Replacement - Allow Asynchronous Clear Signal               ; On                 ; On                 ;
; Pre-Mapping Resynthesis Optimization                                       ; Off                ; Off                ;
; Analysis & Synthesis Message Level                                         ; Medium             ; Medium             ;
; Disable Register Merging Across Hierarchies                                ; Auto               ; Auto               ;
; Resource Aware Inference For Block RAM                                     ; On                 ; On                 ;
; Synthesis Seed                                                             ; 1                  ; 1                  ;
+----------------------------------------------------------------------------+--------------------+--------------------+


+------------------------------------------+
; Parallel Compilation                     ;
+----------------------------+-------------+
; Processors                 ; Number      ;
+----------------------------+-------------+
; Number detected on machine ; 4           ;
; Maximum allowed            ; 2           ;
;                            ;             ;
; Average used               ; 1.00        ;
; Maximum used               ; 1           ;
;                            ;             ;
; Usage by Processor         ; % Time Used ;
;     Processor 1            ; 100.0%      ;
;     Processors 2-4         ;   0.0%      ;
+----------------------------+-------------+


+--------------------------------------------------------------------------------------------------------------------------------------------------------------------------------------+
; Analysis & Synthesis Source Files Read                                                                                                                                               ;
+----------------------------------+-----------------+-----------------+-----------------------------------------------------------------------------------------------------+---------+
; File Name with User-Entered Path ; Used in Netlist ; File Type       ; File Name with Absolute Path                                                                        ; Library ;
+----------------------------------+-----------------+-----------------+-----------------------------------------------------------------------------------------------------+---------+
; lcd_controller.vhd               ; yes             ; User VHDL File  ; C:/Users/cawoo/My Folders/Electronique/FPGA Project/16x2-LCD-Controller-VHDL/lcd_controller.vhd     ;         ;
; ControllerTest_TOP.vhd           ; yes             ; User VHDL File  ; C:/Users/cawoo/My Folders/Electronique/FPGA Project/16x2-LCD-Controller-VHDL/ControllerTest_TOP.vhd ;         ;
+----------------------------------+-----------------+-----------------+-----------------------------------------------------------------------------------------------------+---------+


+-----------------------------------------------------+
; Analysis & Synthesis Resource Usage Summary         ;
+---------------------------------------------+-------+
; Resource                                    ; Usage ;
+---------------------------------------------+-------+
; Total logic elements                        ; 232   ;
;     -- Combinational with no register       ; 178   ;
;     -- Register only                        ; 0     ;
;     -- Combinational with a register        ; 54    ;
;                                             ;       ;
; Logic element usage by number of LUT inputs ;       ;
;     -- 4 input functions                    ; 153   ;
;     -- 3 input functions                    ; 20    ;
;     -- 2 input functions                    ; 57    ;
;     -- 1 input functions                    ; 2     ;
;     -- 0 input functions                    ; 0     ;
;                                             ;       ;
; Logic elements by mode                      ;       ;
;     -- normal mode                          ; 197   ;
;     -- arithmetic mode                      ; 35    ;
;     -- qfbk mode                            ; 0     ;
;     -- register cascade mode                ; 0     ;
;     -- synchronous clear/load mode          ; 0     ;
;     -- asynchronous clear/load mode         ; 0     ;
;                                             ;       ;
; Total registers                             ; 54    ;
; Total logic cells in carry chains           ; 37    ;
; I/O pins                                    ; 13    ;
; Maximum fan-out node                        ; clk   ;
; Maximum fan-out                             ; 54    ;
; Total fan-out                               ; 861   ;
; Average fan-out                             ; 3.51  ;
+---------------------------------------------+-------+


+------------------------------------------------------------------------------------------------------------------------------------------------------------------------------------------------------------------------------------------+
; Analysis & Synthesis Resource Utilization by Entity                                                                                                                                                                                      ;
+----------------------------+-------------+--------------+-------------+------+--------------+--------------+-------------------+------------------+-----------------+------------+----------------------------------------+--------------+
; Compilation Hierarchy Node ; Logic Cells ; LC Registers ; Memory Bits ; Pins ; Virtual Pins ; LUT-Only LCs ; Register-Only LCs ; LUT/Register LCs ; Carry Chain LCs ; Packed LCs ; Full Hierarchy Name                    ; Library Name ;
+----------------------------+-------------+--------------+-------------+------+--------------+--------------+-------------------+------------------+-----------------+------------+----------------------------------------+--------------+
; |ControllerTest_TOP        ; 232 (0)     ; 54           ; 0           ; 13   ; 0            ; 178 (0)      ; 0 (0)             ; 54 (0)           ; 37 (0)          ; 0 (0)      ; |ControllerTest_TOP                    ; work         ;
;    |lcd_controller:LCD|    ; 232 (232)   ; 54           ; 0           ; 0    ; 0            ; 178 (178)    ; 0 (0)             ; 54 (54)          ; 37 (37)         ; 0 (0)      ; |ControllerTest_TOP|lcd_controller:LCD ; work         ;
+----------------------------+-------------+--------------+-------------+------+--------------+--------------+-------------------+------------------+-----------------+------------+----------------------------------------+--------------+
Note: For table entries with two numbers listed, the numbers in parentheses indicate the number of resources of the given type used by the specific entity alone. The numbers listed outside of parentheses indicate the total resources of the given type used by the specific entity and all of its sub-entities in the hierarchy.


Encoding Type:  One-Hot
+-----------------------------------------------------------------------------------------------------------------+
; State Machine - |ControllerTest_TOP|lcd_controller:LCD|state                                                    ;
+------------------+------------+-------------+-------------+-----------------+------------------+----------------+
; Name             ; state.send ; state.line2 ; state.line1 ; state.RESETLINE ; state.initialize ; state.power_up ;
+------------------+------------+-------------+-------------+-----------------+------------------+----------------+
; state.power_up   ; 0          ; 0           ; 0           ; 0               ; 0                ; 0              ;
; state.initialize ; 0          ; 0           ; 0           ; 0               ; 1                ; 1              ;
; state.RESETLINE  ; 0          ; 0           ; 0           ; 1               ; 0                ; 1              ;
; state.line1      ; 0          ; 0           ; 1           ; 0               ; 0                ; 1              ;
; state.line2      ; 0          ; 1           ; 0           ; 0               ; 0                ; 1              ;
; state.send       ; 1          ; 0           ; 0           ; 0               ; 0                ; 1              ;
+------------------+------------+-------------+-------------+-----------------+------------------+----------------+


+--------------------------------------------------------------------------------+
; Registers Removed During Synthesis                                             ;
+---------------------------------------+----------------------------------------+
; Register name                         ; Reason for Removal                     ;
+---------------------------------------+----------------------------------------+
; lcd_controller:LCD|rw                 ; Stuck at GND due to stuck port data_in ;
; Total Number of Removed Registers = 1 ;                                        ;
+---------------------------------------+----------------------------------------+


+------------------------------------------------------+
; General Register Statistics                          ;
+----------------------------------------------+-------+
; Statistic                                    ; Value ;
+----------------------------------------------+-------+
; Total registers                              ; 54    ;
; Number of registers using Synchronous Clear  ; 0     ;
; Number of registers using Synchronous Load   ; 0     ;
; Number of registers using Asynchronous Clear ; 0     ;
; Number of registers using Asynchronous Load  ; 0     ;
; Number of registers using Clock Enable       ; 9     ;
; Number of registers using Preset             ; 0     ;
+----------------------------------------------+-------+


+--------------------------------------------------+
; Inverted Register Statistics                     ;
+----------------------------------------+---------+
; Inverted Register                      ; Fan out ;
+----------------------------------------+---------+
; lcd_controller:LCD|ptr[0]              ; 14      ;
; lcd_controller:LCD|ptr[1]              ; 12      ;
; lcd_controller:LCD|ptr[2]              ; 14      ;
; lcd_controller:LCD|ptr[3]              ; 14      ;
; lcd_controller:LCD|line                ; 4       ;
; Total number of inverted registers = 5 ;         ;
+----------------------------------------+---------+


+--------------------------------------------------------------------------------------------------------------------------------------------------------------------+
; Multiplexer Restructuring Statistics (Restructuring Performed)                                                                                                     ;
+--------------------+-----------+---------------+----------------------+------------------------+------------+------------------------------------------------------+
; Multiplexer Inputs ; Bus Width ; Baseline Area ; Area if Restructured ; Saving if Restructured ; Registered ; Example Multiplexer Output                           ;
+--------------------+-----------+---------------+----------------------+------------------------+------------+------------------------------------------------------+
; 14:1               ; 31 bits   ; 279 LEs       ; 31 LEs               ; 248 LEs                ; Yes        ; |ControllerTest_TOP|lcd_controller:LCD|clk_count[17] ;
; 15:1               ; 2 bits    ; 20 LEs        ; 8 LEs                ; 12 LEs                 ; Yes        ; |ControllerTest_TOP|lcd_controller:LCD|lcd_data[4]   ;
; 15:1               ; 3 bits    ; 30 LEs        ; 24 LEs               ; 6 LEs                  ; Yes        ; |ControllerTest_TOP|lcd_controller:LCD|lcd_data[2]   ;
; 3:1                ; 4 bits    ; 8 LEs         ; 4 LEs                ; 4 LEs                  ; No         ; |ControllerTest_TOP|lcd_controller:LCD|ptr           ;
; 8:1                ; 2 bits    ; 10 LEs        ; 2 LEs                ; 8 LEs                  ; No         ; |ControllerTest_TOP|lcd_controller:LCD|state         ;
+--------------------+-----------+---------------+----------------------+------------------------+------------+------------------------------------------------------+


+----------------------------------------------------------+
; Port Connectivity Checks: "lcd_controller:LCD"           ;
+------------------------+-------+----------+--------------+
; Port                   ; Type  ; Severity ; Details      ;
+------------------------+-------+----------+--------------+
; line1_buffer[126..125] ; Input ; Info     ; Stuck at VCC ;
; line1_buffer[121..120] ; Input ; Info     ; Stuck at VCC ;
; line1_buffer[118..117] ; Input ; Info     ; Stuck at VCC ;
; line1_buffer[115..112] ; Input ; Info     ; Stuck at VCC ;
; line1_buffer[110..108] ; Input ; Info     ; Stuck at VCC ;
; line1_buffer[102..101] ; Input ; Info     ; Stuck at VCC ;
; line1_buffer[97..96]   ; Input ; Info     ; Stuck at VCC ;
; line1_buffer[94..93]   ; Input ; Info     ; Stuck at VCC ;
; line1_buffer[91..88]   ; Input ; Info     ; Stuck at VCC ;
; line1_buffer[86..84]   ; Input ; Info     ; Stuck at VCC ;
; line1_buffer[70..69]   ; Input ; Info     ; Stuck at VCC ;
; line1_buffer[62..61]   ; Input ; Info     ; Stuck at VCC ;
; line1_buffer[54..53]   ; Input ; Info     ; Stuck at VCC ;
; line1_buffer[46..45]   ; Input ; Info     ; Stuck at VCC ;
; line1_buffer[43..40]   ; Input ; Info     ; Stuck at VCC ;
; line1_buffer[38..36]   ; Input ; Info     ; Stuck at VCC ;
; line1_buffer[124..122] ; Input ; Info     ; Stuck at GND ;
; line1_buffer[100..98]  ; Input ; Info     ; Stuck at GND ;
; line1_buffer[79..78]   ; Input ; Info     ; Stuck at GND ;
; line1_buffer[76..71]   ; Input ; Info     ; Stuck at GND ;
; line1_buffer[68..65]   ; Input ; Info     ; Stuck at GND ;
; line1_buffer[60..58]   ; Input ; Info     ; Stuck at GND ;
; line1_buffer[56..55]   ; Input ; Info     ; Stuck at GND ;
; line1_buffer[52..51]   ; Input ; Info     ; Stuck at GND ;
; line1_buffer[49..47]   ; Input ; Info     ; Stuck at GND ;
; line1_buffer[31..28]   ; Input ; Info     ; Stuck at GND ;
; line1_buffer[24..22]   ; Input ; Info     ; Stuck at GND ;
; line1_buffer[20..14]   ; Input ; Info     ; Stuck at GND ;
; line1_buffer[12..6]    ; Input ; Info     ; Stuck at GND ;
; line1_buffer[4..0]     ; Input ; Info     ; Stuck at GND ;
; line1_buffer[127]      ; Input ; Info     ; Stuck at GND ;
; line1_buffer[119]      ; Input ; Info     ; Stuck at GND ;
; line1_buffer[116]      ; Input ; Info     ; Stuck at GND ;
; line1_buffer[111]      ; Input ; Info     ; Stuck at GND ;
; line1_buffer[107]      ; Input ; Info     ; Stuck at GND ;
; line1_buffer[106]      ; Input ; Info     ; Stuck at VCC ;
; line1_buffer[105]      ; Input ; Info     ; Stuck at GND ;
; line1_buffer[104]      ; Input ; Info     ; Stuck at VCC ;
; line1_buffer[103]      ; Input ; Info     ; Stuck at GND ;
; line1_buffer[95]       ; Input ; Info     ; Stuck at GND ;
; line1_buffer[92]       ; Input ; Info     ; Stuck at GND ;
; line1_buffer[87]       ; Input ; Info     ; Stuck at GND ;
; line1_buffer[83]       ; Input ; Info     ; Stuck at GND ;
; line1_buffer[82]       ; Input ; Info     ; Stuck at VCC ;
; line1_buffer[81]       ; Input ; Info     ; Stuck at GND ;
; line1_buffer[80]       ; Input ; Info     ; Stuck at VCC ;
; line1_buffer[77]       ; Input ; Info     ; Stuck at VCC ;
; line1_buffer[64]       ; Input ; Info     ; Stuck at VCC ;
; line1_buffer[63]       ; Input ; Info     ; Stuck at GND ;
; line1_buffer[57]       ; Input ; Info     ; Stuck at VCC ;
; line1_buffer[50]       ; Input ; Info     ; Stuck at VCC ;
; line1_buffer[44]       ; Input ; Info     ; Stuck at GND ;
; line1_buffer[39]       ; Input ; Info     ; Stuck at GND ;
; line1_buffer[35]       ; Input ; Info     ; Stuck at GND ;
; line1_buffer[34]       ; Input ; Info     ; Stuck at VCC ;
; line1_buffer[33]       ; Input ; Info     ; Stuck at GND ;
; line1_buffer[32]       ; Input ; Info     ; Stuck at VCC ;
; line1_buffer[27]       ; Input ; Info     ; Stuck at VCC ;
; line1_buffer[26]       ; Input ; Info     ; Stuck at GND ;
; line1_buffer[25]       ; Input ; Info     ; Stuck at VCC ;
; line1_buffer[21]       ; Input ; Info     ; Stuck at VCC ;
; line1_buffer[13]       ; Input ; Info     ; Stuck at VCC ;
; line1_buffer[5]        ; Input ; Info     ; Stuck at VCC ;
; line2_buffer[123..121] ; Input ; Info     ; Stuck at VCC ;
; line2_buffer[115..113] ; Input ; Info     ; Stuck at VCC ;
; line2_buffer[107..105] ; Input ; Info     ; Stuck at VCC ;
; line2_buffer[99..98]   ; Input ; Info     ; Stuck at VCC ;
; line2_buffer[94..93]   ; Input ; Info     ; Stuck at VCC ;
; line2_buffer[89..88]   ; Input ; Info     ; Stuck at VCC ;
; line2_buffer[86..85]   ; Input ; Info     ; Stuck at VCC ;
; line2_buffer[78..77]   ; Input ; Info     ; Stuck at VCC ;
; line2_buffer[70..69]   ; Input ; Info     ; Stuck at VCC ;
; line2_buffer[67..65]   ; Input ; Info     ; Stuck at VCC ;
; line2_buffer[127..126] ; Input ; Info     ; Stuck at GND ;
; line2_buffer[120..118] ; Input ; Info     ; Stuck at GND ;
; line2_buffer[112..110] ; Input ; Info     ; Stuck at GND ;
; line2_buffer[104..102] ; Input ; Info     ; Stuck at GND ;
; line2_buffer[92..90]   ; Input ; Info     ; Stuck at GND ;
; line2_buffer[82..79]   ; Input ; Info     ; Stuck at GND ;
; line2_buffer[76..73]   ; Input ; Info     ; Stuck at GND ;
; line2_buffer[64..62]   ; Input ; Info     ; Stuck at GND ;
; line2_buffer[60..54]   ; Input ; Info     ; Stuck at GND ;
; line2_buffer[52..49]   ; Input ; Info     ; Stuck at GND ;
; line2_buffer[47..46]   ; Input ; Info     ; Stuck at GND ;
; line2_buffer[44..41]   ; Input ; Info     ; Stuck at GND ;
; line2_buffer[39..38]   ; Input ; Info     ; Stuck at GND ;
; line2_buffer[36..33]   ; Input ; Info     ; Stuck at GND ;
; line2_buffer[31..30]   ; Input ; Info     ; Stuck at GND ;
; line2_buffer[28..25]   ; Input ; Info     ; Stuck at GND ;
; line2_buffer[23..22]   ; Input ; Info     ; Stuck at GND ;
; line2_buffer[20..14]   ; Input ; Info     ; Stuck at GND ;
; line2_buffer[12..6]    ; Input ; Info     ; Stuck at GND ;
; line2_buffer[4..0]     ; Input ; Info     ; Stuck at GND ;
; line2_buffer[125]      ; Input ; Info     ; Stuck at VCC ;
; line2_buffer[124]      ; Input ; Info     ; Stuck at GND ;
; line2_buffer[117]      ; Input ; Info     ; Stuck at VCC ;
; line2_buffer[116]      ; Input ; Info     ; Stuck at GND ;
; line2_buffer[109]      ; Input ; Info     ; Stuck at VCC ;
; line2_buffer[108]      ; Input ; Info     ; Stuck at GND ;
; line2_buffer[101]      ; Input ; Info     ; Stuck at VCC ;
; line2_buffer[100]      ; Input ; Info     ; Stuck at GND ;
; line2_buffer[97]       ; Input ; Info     ; Stuck at GND ;
; line2_buffer[96]       ; Input ; Info     ; Stuck at VCC ;
; line2_buffer[95]       ; Input ; Info     ; Stuck at GND ;
; line2_buffer[87]       ; Input ; Info     ; Stuck at GND ;
; line2_buffer[84]       ; Input ; Info     ; Stuck at GND ;
; line2_buffer[83]       ; Input ; Info     ; Stuck at VCC ;
; line2_buffer[72]       ; Input ; Info     ; Stuck at VCC ;
; line2_buffer[71]       ; Input ; Info     ; Stuck at GND ;
; line2_buffer[68]       ; Input ; Info     ; Stuck at GND ;
; line2_buffer[61]       ; Input ; Info     ; Stuck at VCC ;
; line2_buffer[53]       ; Input ; Info     ; Stuck at VCC ;
; line2_buffer[48]       ; Input ; Info     ; Stuck at VCC ;
; line2_buffer[45]       ; Input ; Info     ; Stuck at VCC ;
; line2_buffer[40]       ; Input ; Info     ; Stuck at VCC ;
; line2_buffer[37]       ; Input ; Info     ; Stuck at VCC ;
; line2_buffer[32]       ; Input ; Info     ; Stuck at VCC ;
; line2_buffer[29]       ; Input ; Info     ; Stuck at VCC ;
; line2_buffer[24]       ; Input ; Info     ; Stuck at VCC ;
; line2_buffer[21]       ; Input ; Info     ; Stuck at VCC ;
; line2_buffer[13]       ; Input ; Info     ; Stuck at VCC ;
; line2_buffer[5]        ; Input ; Info     ; Stuck at VCC ;
+------------------------+-------+----------+--------------+


+-------------------------------+
; Elapsed Time Per Partition    ;
+----------------+--------------+
; Partition Name ; Elapsed Time ;
+----------------+--------------+
; Top            ; 00:00:01     ;
+----------------+--------------+


+-------------------------------+
; Analysis & Synthesis Messages ;
+-------------------------------+
Info: *******************************************************************
Info: Running Quartus II 64-Bit Analysis & Synthesis
    Info: Version 13.0.1 Build 232 06/12/2013 Service Pack 1 SJ Full Version
    Info: Processing started: Sat Dec 05 12:31:42 2020
Info: Command: quartus_map --read_settings_files=on --write_settings_files=off LCD1602 -c LCD1602
Info (11104): Parallel Compilation has detected 4 hyper-threaded processors. However, the extra hyper-threaded processors will not be used by default. Parallel Compilation will use 2 of the 2 physical processors detected instead.
Info (12021): Found 2 design units, including 1 entities, in source file lcd_controller.vhd
    Info (12022): Found design unit 1: lcd_controller-controller
    Info (12023): Found entity 1: lcd_controller
Info (12021): Found 2 design units, including 1 entities, in source file controllertest_top.vhd
    Info (12022): Found design unit 1: ControllerTest_TOP-Behavioral
    Info (12023): Found entity 1: ControllerTest_TOP
Info (12127): Elaborating entity "ControllerTest_TOP" for the top level hierarchy
Warning (10540): VHDL Signal Declaration warning at ControllerTest_TOP.vhd(58): used explicit default value for signal "top_line" because signal was never assigned a value
Warning (10540): VHDL Signal Declaration warning at ControllerTest_TOP.vhd(59): used explicit default value for signal "bottom_line" because signal was never assigned a value
Info (12128): Elaborating entity "lcd_controller" for hierarchy "lcd_controller:LCD"
Warning (13024): Output pins are stuck at VCC or GND
    Warning (13410): Pin "lcd_rw" is stuck at GND
Info (16010): Generating hard_block partition "hard_block:auto_generated_inst"
    Info (16011): Adding 0 node(s), including 0 DDIO, 0 PLL, 0 transceiver and 0 LCELL
Info (21057): Implemented 245 device resources after synthesis - the final resource count might be different
    Info (21058): Implemented 2 input pins
    Info (21059): Implemented 11 output pins
    Info (21061): Implemented 232 logic cells
Info: Quartus II 64-Bit Analysis & Synthesis was successful. 0 errors, 4 warnings
    Info: Peak virtual memory: 4605 megabytes
    Info: Processing ended: Sat Dec 05 12:31:46 2020
    Info: Elapsed time: 00:00:04
    Info: Total CPU time (on all processors): 00:00:04


