Fitter report for LCD1602
Sat Dec 05 12:31:51 2020
Quartus II 64-Bit Version 13.0.1 Build 232 06/12/2013 Service Pack 1 SJ Full Version


---------------------
; Table of Contents ;
---------------------
  1. Legal Notice
  2. Fitter Summary
  3. Fitter Settings
  4. Parallel Compilation
  5. Incremental Compilation Preservation Summary
  6. Incremental Compilation Partition Settings
  7. Incremental Compilation Placement Preservation
  8. Pin-Out File
  9. Fitter Resource Usage Summary
 10. Fitter Partition Statistics
 11. Input Pins
 12. Output Pins
 13. I/O Bank Usage
 14. All Package Pins
 15. Output Pin Default Load For Reported TCO
 16. Fitter Resource Utilization by Entity
 17. Delay Chain Summary
 18. Pad To Core Delay Chain Fanout
 19. Control Signals
 20. Global & Other Fast Signals
 21. Non-Global High Fan-Out Signals
 22. Other Routing Usage Summary
 23. LAB Logic Elements
 24. LAB-wide Signals
 25. LAB Signals Sourced
 26. LAB Signals Sourced Out
 27. LAB Distinct Inputs
 28. Fitter Device Options
 29. Fitter Messages
 30. Fitter Suppressed Messages



----------------
; Legal Notice ;
----------------
Copyright (C) 1991-2013 Altera Corporation
Your use of Altera Corporation's design tools, logic functions 
and other software and tools, and its AMPP partner logic 
functions, and any output files from any of the foregoing 
(including device programming or simulation files), and any 
associated documentation or information are expressly subject 
to the terms and conditions of the Altera Program License 
Subscription Agreement, Altera MegaCore Function License 
Agreement, or other applicable license agreement, including, 
without limitation, that your use is for the sole purpose of 
programming logic devices manufactured by Altera and sold by 
Altera or its authorized distributors.  Please refer to the 
applicable agreement for further details.



+------------------------------------------------------------------------------+
; Fitter Summary                                                               ;
+---------------------------+--------------------------------------------------+
; Fitter Status             ; Successful - Sat Dec 05 12:31:51 2020            ;
; Quartus II 64-Bit Version ; 13.0.1 Build 232 06/12/2013 SP 1 SJ Full Version ;
; Revision Name             ; LCD1602                                          ;
; Top-level Entity Name     ; ControllerTest_TOP                               ;
; Family                    ; Cyclone                                          ;
; Device                    ; EP1C3T144C8                                      ;
; Timing Models             ; Final                                            ;
; Total logic elements      ; 232 / 2,910 ( 8 % )                              ;
; Total pins                ; 13 / 104 ( 13 % )                                ;
; Total virtual pins        ; 0                                                ;
; Total memory bits         ; 0 / 59,904 ( 0 % )                               ;
; Total PLLs                ; 0 / 1 ( 0 % )                                    ;
+---------------------------+--------------------------------------------------+


+----------------------------------------------------------------------------------------------------------------------------------------------+
; Fitter Settings                                                                                                                              ;
+----------------------------------------------------------------------------+--------------------------------+--------------------------------+
; Option                                                                     ; Setting                        ; Default Value                  ;
+----------------------------------------------------------------------------+--------------------------------+--------------------------------+
; Device                                                                     ; EP1C3T144C8                    ;                                ;
; Fit Attempts to Skip                                                       ; 0                              ; 0.0                            ;
; Device I/O Standard                                                        ; 3.3-V LVTTL                    ;                                ;
; Use smart compilation                                                      ; Off                            ; Off                            ;
; Enable parallel Assembler and TimeQuest Timing Analyzer during compilation ; On                             ; On                             ;
; Enable compact report table                                                ; Off                            ; Off                            ;
; Auto Merge PLLs                                                            ; On                             ; On                             ;
; Router Timing Optimization Level                                           ; Normal                         ; Normal                         ;
; Placement Effort Multiplier                                                ; 1.0                            ; 1.0                            ;
; Router Effort Multiplier                                                   ; 1.0                            ; 1.0                            ;
; Optimize Hold Timing                                                       ; IO Paths and Minimum TPD Paths ; IO Paths and Minimum TPD Paths ;
; Optimize Multi-Corner Timing                                               ; Off                            ; Off                            ;
; Optimize Timing                                                            ; Normal compilation             ; Normal compilation             ;
; Optimize Timing for ECOs                                                   ; Off                            ; Off                            ;
; Regenerate full fit report during ECO compiles                             ; Off                            ; Off                            ;
; Optimize IOC Register Placement for Timing                                 ; Normal                         ; Normal                         ;
; Limit to One Fitting Attempt                                               ; Off                            ; Off                            ;
; Final Placement Optimizations                                              ; Automatically                  ; Automatically                  ;
; Fitter Aggressive Routability Optimizations                                ; Automatically                  ; Automatically                  ;
; Fitter Initial Placement Seed                                              ; 1                              ; 1                              ;
; Slow Slew Rate                                                             ; Off                            ; Off                            ;
; PCI I/O                                                                    ; Off                            ; Off                            ;
; Weak Pull-Up Resistor                                                      ; Off                            ; Off                            ;
; Enable Bus-Hold Circuitry                                                  ; Off                            ; Off                            ;
; Auto Global Memory Control Signals                                         ; Off                            ; Off                            ;
; Auto Packed Registers                                                      ; Auto                           ; Auto                           ;
; Auto Delay Chains                                                          ; On                             ; On                             ;
; Auto Delay Chains for High Fanout Input Pins                               ; Off                            ; Off                            ;
; Perform Physical Synthesis for Combinational Logic for Performance         ; Off                            ; Off                            ;
; Perform Register Duplication for Performance                               ; Off                            ; Off                            ;
; Perform Register Retiming for Performance                                  ; Off                            ; Off                            ;
; Perform Asynchronous Signal Pipelining                                     ; Off                            ; Off                            ;
; Fitter Effort                                                              ; Auto Fit                       ; Auto Fit                       ;
; Physical Synthesis Effort Level                                            ; Normal                         ; Normal                         ;
; Logic Cell Insertion - Logic Duplication                                   ; Auto                           ; Auto                           ;
; Auto Register Duplication                                                  ; Auto                           ; Auto                           ;
; Auto Global Clock                                                          ; On                             ; On                             ;
; Auto Global Register Control Signals                                       ; On                             ; On                             ;
; Force Fitter to Avoid Periphery Placement Warnings                         ; Off                            ; Off                            ;
+----------------------------------------------------------------------------+--------------------------------+--------------------------------+


+------------------------------------------+
; Parallel Compilation                     ;
+----------------------------+-------------+
; Processors                 ; Number      ;
+----------------------------+-------------+
; Number detected on machine ; 4           ;
; Maximum allowed            ; 2           ;
;                            ;             ;
; Average used               ; 1.33        ;
; Maximum used               ; 2           ;
;                            ;             ;
; Usage by Processor         ; % Time Used ;
;     Processor 1            ; 100.0%      ;
;     Processor 2            ;  33.3%      ;
;     Processors 3-4         ;   0.0%      ;
+----------------------------+-------------+


+----------------------------------------------+
; Incremental Compilation Preservation Summary ;
+---------------------+------------------------+
; Type                ; Value                  ;
+---------------------+------------------------+
; Placement (by node) ;                        ;
;     -- Requested    ; 0 / 248 ( 0.00 % )     ;
;     -- Achieved     ; 0 / 248 ( 0.00 % )     ;
;                     ;                        ;
; Routing (by net)    ;                        ;
;     -- Requested    ; 0 / 0 ( 0.00 % )       ;
;     -- Achieved     ; 0 / 0 ( 0.00 % )       ;
+---------------------+------------------------+


+----------------------------------------------------------------------------------------------------------------------------------------------------------------------------------------+
; Incremental Compilation Partition Settings                                                                                                                                             ;
+--------------------------------+----------------+-------------------+-------------------------+------------------------+------------------------------+--------------------------------+
; Partition Name                 ; Partition Type ; Netlist Type Used ; Preservation Level Used ; Netlist Type Requested ; Preservation Level Requested ; Contents                       ;
+--------------------------------+----------------+-------------------+-------------------------+------------------------+------------------------------+--------------------------------+
; Top                            ; User-created   ; Source File       ; N/A                     ; Source File            ; N/A                          ;                                ;
; hard_block:auto_generated_inst ; Auto-generated ; Source File       ; N/A                     ; Source File            ; N/A                          ; hard_block:auto_generated_inst ;
+--------------------------------+----------------+-------------------+-------------------------+------------------------+------------------------------+--------------------------------+


+------------------------------------------------------------------------------------------------------------+
; Incremental Compilation Placement Preservation                                                             ;
+--------------------------------+---------+-------------------+-------------------------+-------------------+
; Partition Name                 ; # Nodes ; # Preserved Nodes ; Preservation Level Used ; Netlist Type Used ;
+--------------------------------+---------+-------------------+-------------------------+-------------------+
; Top                            ; 246     ; 0                 ; N/A                     ; Source File       ;
; hard_block:auto_generated_inst ; 2       ; 0                 ; N/A                     ; Source File       ;
+--------------------------------+---------+-------------------+-------------------------+-------------------+


+--------------+
; Pin-Out File ;
+--------------+
The pin-out file can be found in C:/Users/cawoo/My Folders/Electronique/FPGA Project/16x2-LCD-Controller-VHDL/output_files/LCD1602.pin.


+-------------------------------------------------------------------+
; Fitter Resource Usage Summary                                     ;
+---------------------------------------------+---------------------+
; Resource                                    ; Usage               ;
+---------------------------------------------+---------------------+
; Total logic elements                        ; 232 / 2,910 ( 8 % ) ;
;     -- Combinational with no register       ; 178                 ;
;     -- Register only                        ; 0                   ;
;     -- Combinational with a register        ; 54                  ;
;                                             ;                     ;
; Logic element usage by number of LUT inputs ;                     ;
;     -- 4 input functions                    ; 153                 ;
;     -- 3 input functions                    ; 20                  ;
;     -- 2 input functions                    ; 57                  ;
;     -- 1 input functions                    ; 2                   ;
;     -- 0 input functions                    ; 0                   ;
;                                             ;                     ;
; Logic elements by mode                      ;                     ;
;     -- normal mode                          ; 197                 ;
;     -- arithmetic mode                      ; 35                  ;
;     -- qfbk mode                            ; 0                   ;
;     -- register cascade mode                ; 0                   ;
;     -- synchronous clear/load mode          ; 0                   ;
;     -- asynchronous clear/load mode         ; 0                   ;
;                                             ;                     ;
; Total registers                             ; 54 / 3,210 ( 2 % )  ;
; Total LABs                                  ; 27 / 291 ( 9 % )    ;
; Logic elements in carry chains              ; 37                  ;
; Virtual pins                                ; 0                   ;
; I/O pins                                    ; 13 / 104 ( 13 % )   ;
;     -- Clock pins                           ; 1 / 2 ( 50 % )      ;
;                                             ;                     ;
; Global signals                              ; 1                   ;
; M4Ks                                        ; 0 / 13 ( 0 % )      ;
; Total memory bits                           ; 0 / 59,904 ( 0 % )  ;
; Total RAM block bits                        ; 0 / 59,904 ( 0 % )  ;
; PLLs                                        ; 0 / 1 ( 0 % )       ;
; Global clocks                               ; 1 / 8 ( 13 % )      ;
; JTAGs                                       ; 0 / 1 ( 0 % )       ;
; ASMI Blocks                                 ; 0 / 1 ( 0 % )       ;
; CRC blocks                                  ; 0 / 1 ( 0 % )       ;
; Average interconnect usage (total/H/V)      ; 2% / 2% / 2%        ;
; Peak interconnect usage (total/H/V)         ; 4% / 4% / 4%        ;
; Maximum fan-out                             ; 54                  ;
; Highest non-global fan-out                  ; 39                  ;
; Total fan-out                               ; 885                 ;
; Average fan-out                             ; 3.58                ;
+---------------------------------------------+---------------------+


+--------------------------------------------------------------------------------------------------+
; Fitter Partition Statistics                                                                      ;
+---------------------------------------------+-------------------+--------------------------------+
; Statistic                                   ; Top               ; hard_block:auto_generated_inst ;
+---------------------------------------------+-------------------+--------------------------------+
; Difficulty Clustering Region                ; Low               ; Low                            ;
;                                             ;                   ;                                ;
; Total logic elements                        ; 232               ; 0                              ;
;     -- Combinational with no register       ; 178               ; 0                              ;
;     -- Register only                        ; 0                 ; 0                              ;
;     -- Combinational with a register        ; 54                ; 0                              ;
;                                             ;                   ;                                ;
; Logic element usage by number of LUT inputs ;                   ;                                ;
;     -- 4 input functions                    ; 0                 ; 0                              ;
;     -- 3 input functions                    ; 0                 ; 0                              ;
;     -- 2 input functions                    ; 0                 ; 0                              ;
;     -- 1 input functions                    ; 0                 ; 0                              ;
;     -- 0 input functions                    ; 0                 ; 0                              ;
;                                             ;                   ;                                ;
; Logic elements by mode                      ;                   ;                                ;
;     -- normal mode                          ; 0                 ; 0                              ;
;     -- arithmetic mode                      ; 0                 ; 0                              ;
;     -- qfbk mode                            ; 0                 ; 0                              ;
;     -- register cascade mode                ; 0                 ; 0                              ;
;     -- synchronous clear/load mode          ; 0                 ; 0                              ;
;     -- asynchronous clear/load mode         ; 0                 ; 0                              ;
;                                             ;                   ;                                ;
; Total registers                             ; 54 / 1455 ( 4 % ) ; 0 / 1455 ( 0 % )               ;
; Virtual pins                                ; 0                 ; 0                              ;
; I/O pins                                    ; 13                ; 0                              ;
; DSP block 9-bit elements                    ; 0                 ; 0                              ;
; Total memory bits                           ; 0                 ; 0                              ;
; Total RAM block bits                        ; 0                 ; 0                              ;
;                                             ;                   ;                                ;
; Connections                                 ;                   ;                                ;
;     -- Input Connections                    ; 0                 ; 0                              ;
;     -- Registered Input Connections         ; 0                 ; 0                              ;
;     -- Output Connections                   ; 0                 ; 0                              ;
;     -- Registered Output Connections        ; 0                 ; 0                              ;
;                                             ;                   ;                                ;
; Internal Connections                        ;                   ;                                ;
;     -- Total Connections                    ; 913               ; 0                              ;
;     -- Registered Connections               ; 292               ; 0                              ;
;                                             ;                   ;                                ;
; External Connections                        ;                   ;                                ;
;     -- Top                                  ; 0                 ; 0                              ;
;     -- hard_block:auto_generated_inst       ; 0                 ; 0                              ;
;                                             ;                   ;                                ;
; Partition Interface                         ;                   ;                                ;
;     -- Input Ports                          ; 2                 ; 0                              ;
;     -- Output Ports                         ; 11                ; 0                              ;
;     -- Bidir Ports                          ; 0                 ; 0                              ;
;                                             ;                   ;                                ;
; Registered Ports                            ;                   ;                                ;
;     -- Registered Input Ports               ; 0                 ; 0                              ;
;     -- Registered Output Ports              ; 0                 ; 0                              ;
;                                             ;                   ;                                ;
; Port Connectivity                           ;                   ;                                ;
;     -- Input Ports driven by GND            ; 0                 ; 0                              ;
;     -- Output Ports driven by GND           ; 0                 ; 0                              ;
;     -- Input Ports driven by VCC            ; 0                 ; 0                              ;
;     -- Output Ports driven by VCC           ; 0                 ; 0                              ;
;     -- Input Ports with no Source           ; 0                 ; 0                              ;
;     -- Output Ports with no Source          ; 0                 ; 0                              ;
;     -- Input Ports with no Fanout           ; 0                 ; 0                              ;
;     -- Output Ports with no Fanout          ; 0                 ; 0                              ;
+---------------------------------------------+-------------------+--------------------------------+


+------------------------------------------------------------------------------------------------------------------------------------------------------------------------------------------------------------------------------------------------------------+
; Input Pins                                                                                                                                                                                                                                                 ;
+------+-------+----------+--------------+--------------+-------------+-----------------------+--------------------+--------+----------------+---------------+-----------------+----------+--------------+--------------+-------------+----------------------+
; Name ; Pin # ; I/O Bank ; X coordinate ; Y coordinate ; Cell number ; Combinational Fan-Out ; Registered Fan-Out ; Global ; Input Register ; Power Up High ; PCI I/O Enabled ; Bus Hold ; Weak Pull Up ; I/O Standard ; Termination ; Location assigned by ;
+------+-------+----------+--------------+--------------+-------------+-----------------------+--------------------+--------+----------------+---------------+-----------------+----------+--------------+--------------+-------------+----------------------+
; clk  ; 92    ; 3        ; 27           ; 8            ; 4           ; 54                    ; 0                  ; yes    ; no             ; no            ; no              ; no       ; Off          ; 3.3-V LVTTL  ; Off         ; User                 ;
; rst  ; 67    ; 4        ; 22           ; 0            ; 1           ; 8                     ; 0                  ; no     ; no             ; no            ; no              ; no       ; Off          ; 3.3-V LVTTL  ; Off         ; User                 ;
+------+-------+----------+--------------+--------------+-------------+-----------------------+--------------------+--------+----------------+---------------+-----------------+----------+--------------+--------------+-------------+----------------------+


+-----------------------------------------------------------------------------------------------------------------------------------------------------------------------------------------------------------------------------------------------------------------------------------------------------------------------------------------------------------+
; Output Pins                                                                                                                                                                                                                                                                                                                                               ;
+-----------+-------+----------+--------------+--------------+-------------+-----------------+------------------------+---------------+----------------+-----------------+------------+---------------+----------+--------------+--------------+------------------+-------------+----------------------+-------+----------------------+---------------------+
; Name      ; Pin # ; I/O Bank ; X coordinate ; Y coordinate ; Cell number ; Output Register ; Output Enable Register ; Power Up High ; Slow Slew Rate ; PCI I/O Enabled ; Open Drain ; TRI Primitive ; Bus Hold ; Weak Pull Up ; I/O Standard ; Current Strength ; Termination ; Location assigned by ; Load  ; Output Enable Source ; Output Enable Group ;
+-----------+-------+----------+--------------+--------------+-------------+-----------------+------------------------+---------------+----------------+-----------------+------------+---------------+----------+--------------+--------------+------------------+-------------+----------------------+-------+----------------------+---------------------+
; lcd_db[0] ; 99    ; 3        ; 27           ; 10           ; 1           ; no              ; no                     ; no            ; no             ; no              ; no         ; no            ; no       ; Off          ; 3.3-V LVTTL  ; 24mA             ; Off         ; User                 ; 10 pF ; -                    ; -                   ;
; lcd_db[1] ; 100   ; 3        ; 27           ; 10           ; 0           ; no              ; no                     ; no            ; no             ; no              ; no         ; no            ; no       ; Off          ; 3.3-V LVTTL  ; 24mA             ; Off         ; User                 ; 10 pF ; -                    ; -                   ;
; lcd_db[2] ; 108   ; 3        ; 27           ; 13           ; 0           ; no              ; no                     ; no            ; no             ; no              ; no         ; no            ; no       ; Off          ; 3.3-V LVTTL  ; 24mA             ; Off         ; User                 ; 10 pF ; -                    ; -                   ;
; lcd_db[3] ; 109   ; 2        ; 26           ; 14           ; 0           ; no              ; no                     ; no            ; no             ; no              ; no         ; no            ; no       ; Off          ; 3.3-V LVTTL  ; 24mA             ; Off         ; User                 ; 10 pF ; -                    ; -                   ;
; lcd_db[4] ; 110   ; 2        ; 26           ; 14           ; 1           ; no              ; no                     ; no            ; no             ; no              ; no         ; no            ; no       ; Off          ; 3.3-V LVTTL  ; 24mA             ; Off         ; User                 ; 10 pF ; -                    ; -                   ;
; lcd_db[5] ; 111   ; 2        ; 24           ; 14           ; 0           ; no              ; no                     ; no            ; no             ; no              ; no         ; no            ; no       ; Off          ; 3.3-V LVTTL  ; 24mA             ; Off         ; User                 ; 10 pF ; -                    ; -                   ;
; lcd_db[6] ; 112   ; 2        ; 24           ; 14           ; 1           ; no              ; no                     ; no            ; no             ; no              ; no         ; no            ; no       ; Off          ; 3.3-V LVTTL  ; 24mA             ; Off         ; User                 ; 10 pF ; -                    ; -                   ;
; lcd_db[7] ; 113   ; 2        ; 22           ; 14           ; 0           ; no              ; no                     ; no            ; no             ; no              ; no         ; no            ; no       ; Off          ; 3.3-V LVTTL  ; 24mA             ; Off         ; User                 ; 10 pF ; -                    ; -                   ;
; lcd_e     ; 98    ; 3        ; 27           ; 9            ; 0           ; no              ; no                     ; no            ; no             ; no              ; no         ; no            ; no       ; Off          ; 3.3-V LVTTL  ; 24mA             ; Off         ; User                 ; 10 pF ; -                    ; -                   ;
; lcd_rs    ; 96    ; 3        ; 27           ; 8            ; 0           ; no              ; no                     ; no            ; no             ; no              ; no         ; no            ; no       ; Off          ; 3.3-V LVTTL  ; 24mA             ; Off         ; User                 ; 10 pF ; -                    ; -                   ;
; lcd_rw    ; 97    ; 3        ; 27           ; 9            ; 1           ; no              ; no                     ; no            ; no             ; no              ; no         ; no            ; no       ; Off          ; 3.3-V LVTTL  ; 24mA             ; Off         ; User                 ; 10 pF ; -                    ; -                   ;
+-----------+-------+----------+--------------+--------------+-------------+-----------------+------------------------+---------------+----------------+-----------------+------------+---------------+----------+--------------+--------------+------------------+-------------+----------------------+-------+----------------------+---------------------+


+-----------------------------------------------------------+
; I/O Bank Usage                                            ;
+----------+-----------------+---------------+--------------+
; I/O Bank ; Usage           ; VCCIO Voltage ; VREF Voltage ;
+----------+-----------------+---------------+--------------+
; 1        ; 2 / 22 ( 9 % )  ; 3.3V          ; --           ;
; 2        ; 5 / 28 ( 18 % ) ; 3.3V          ; --           ;
; 3        ; 7 / 26 ( 27 % ) ; 3.3V          ; --           ;
; 4        ; 1 / 28 ( 4 % )  ; 3.3V          ; --           ;
+----------+-----------------+---------------+--------------+


+------------------------------------------------------------------------------------------------------------------------------------------------------------------------+
; All Package Pins                                                                                                                                                       ;
+----------+------------+----------+------------------------------------------+--------+--------------+---------+------------+-----------------+----------+--------------+
; Location ; Pad Number ; I/O Bank ; Pin Name/Usage                           ; Dir.   ; I/O Standard ; Voltage ; I/O Type   ; User Assignment ; Bus Hold ; Weak Pull Up ;
+----------+------------+----------+------------------------------------------+--------+--------------+---------+------------+-----------------+----------+--------------+
; 1        ; 0          ; 1        ; RESERVED_INPUT                           ;        ;              ;         ; Row I/O    ;                 ; no       ; Off          ;
; 2        ; 1          ; 1        ; RESERVED_INPUT                           ;        ;              ;         ; Row I/O    ;                 ; no       ; Off          ;
; 3        ; 2          ; 1        ; RESERVED_INPUT                           ;        ;              ;         ; Row I/O    ;                 ; no       ; Off          ;
; 4        ; 3          ; 1        ; RESERVED_INPUT                           ;        ;              ;         ; Row I/O    ;                 ; no       ; Off          ;
; 5        ; 4          ; 1        ; RESERVED_INPUT                           ;        ;              ;         ; Row I/O    ;                 ; --       ; --           ;
; 6        ; 5          ; 1        ; RESERVED_INPUT                           ;        ;              ;         ; Row I/O    ;                 ; no       ; Off          ;
; 7        ; 6          ; 1        ; RESERVED_INPUT                           ;        ;              ;         ; Row I/O    ;                 ; no       ; Off          ;
; 8        ;            ; 1        ; VCCIO1                                   ; power  ;              ; 3.3V    ; --         ;                 ; --       ; --           ;
; 9        ;            ;          ; GND                                      ; gnd    ;              ;         ; --         ;                 ; --       ; --           ;
; 10       ; 7          ; 1        ; RESERVED_INPUT                           ;        ;              ;         ; Row I/O    ;                 ; no       ; Off          ;
; 11       ; 8          ; 1        ; RESERVED_INPUT                           ;        ;              ;         ; Row I/O    ;                 ; --       ; --           ;
; 12       ; 9          ; 1        ; ~nCSO~ / RESERVED_INPUT_WITH_WEAK_PULLUP ; input  ; 3.3-V LVTTL  ;         ; Row I/O    ; N               ; no       ; On           ;
; 13       ; 10         ; 1        ; ^DATA0                                   ; input  ;              ;         ; --         ;                 ; --       ; --           ;
; 14       ; 11         ; 1        ; ^nCONFIG                                 ;        ;              ;         ; --         ;                 ; --       ; --           ;
; 15       ;            ;          ; VCCA_PLL1                                ; power  ;              ; 1.5V    ; --         ;                 ; --       ; --           ;
; 16       ; 12         ; 1        ; GND+                                     ;        ;              ;         ; Row I/O    ;                 ; --       ; --           ;
; 17       ; 13         ; 1        ; GND+                                     ;        ;              ;         ; Row I/O    ;                 ; --       ; --           ;
; 18       ;            ;          ; GNDA_PLL1                                ; gnd    ;              ;         ; --         ;                 ; --       ; --           ;
; 19       ;            ;          ; GNDG_PLL1                                ; gnd    ;              ;         ; --         ;                 ; --       ; --           ;
; 20       ; 14         ; 1        ; ^nCEO                                    ;        ;              ;         ; --         ;                 ; --       ; --           ;
; 21       ; 15         ; 1        ; ^nCE                                     ;        ;              ;         ; --         ;                 ; --       ; --           ;
; 22       ; 16         ; 1        ; ^MSEL0                                   ;        ;              ;         ; --         ;                 ; --       ; --           ;
; 23       ; 17         ; 1        ; ^MSEL1                                   ;        ;              ;         ; --         ;                 ; --       ; --           ;
; 24       ; 18         ; 1        ; ^DCLK                                    ; bidir  ;              ;         ; --         ;                 ; --       ; --           ;
; 25       ; 19         ; 1        ; ~ASDO~ / RESERVED_INPUT_WITH_WEAK_PULLUP ; input  ; 3.3-V LVTTL  ;         ; Row I/O    ; N               ; no       ; On           ;
; 26       ; 20         ; 1        ; RESERVED_INPUT                           ;        ;              ;         ; Row I/O    ;                 ; no       ; Off          ;
; 27       ; 21         ; 1        ; RESERVED_INPUT                           ;        ;              ;         ; Row I/O    ;                 ; no       ; Off          ;
; 28       ; 22         ; 1        ; RESERVED_INPUT                           ;        ;              ;         ; Row I/O    ;                 ; no       ; Off          ;
; 29       ;            ; 1        ; VCCIO1                                   ; power  ;              ; 3.3V    ; --         ;                 ; --       ; --           ;
; 30       ;            ;          ; GND                                      ; gnd    ;              ;         ; --         ;                 ; --       ; --           ;
; 31       ; 23         ; 1        ; RESERVED_INPUT                           ;        ;              ;         ; Row I/O    ;                 ; --       ; --           ;
; 32       ; 24         ; 1        ; RESERVED_INPUT                           ;        ;              ;         ; Row I/O    ;                 ; no       ; Off          ;
; 33       ; 25         ; 1        ; RESERVED_INPUT                           ;        ;              ;         ; Row I/O    ;                 ; no       ; Off          ;
; 34       ; 26         ; 1        ; RESERVED_INPUT                           ;        ;              ;         ; Row I/O    ;                 ; no       ; Off          ;
; 35       ; 27         ; 1        ; RESERVED_INPUT                           ;        ;              ;         ; Row I/O    ;                 ; no       ; Off          ;
; 36       ; 28         ; 1        ; RESERVED_INPUT                           ;        ;              ;         ; Row I/O    ;                 ; no       ; Off          ;
; 37       ; 29         ; 4        ; RESERVED_INPUT                           ;        ;              ;         ; Column I/O ;                 ; no       ; Off          ;
; 38       ; 30         ; 4        ; RESERVED_INPUT                           ;        ;              ;         ; Column I/O ;                 ; no       ; Off          ;
; 39       ; 31         ; 4        ; RESERVED_INPUT                           ;        ;              ;         ; Column I/O ;                 ; no       ; Off          ;
; 40       ; 32         ; 4        ; RESERVED_INPUT                           ;        ;              ;         ; Column I/O ;                 ; no       ; Off          ;
; 41       ; 33         ; 4        ; RESERVED_INPUT                           ;        ;              ;         ; Column I/O ;                 ; no       ; Off          ;
; 42       ; 34         ; 4        ; RESERVED_INPUT                           ;        ;              ;         ; Column I/O ;                 ; no       ; Off          ;
; 43       ;            ;          ; GND                                      ; gnd    ;              ;         ; --         ;                 ; --       ; --           ;
; 44       ;            ; 4        ; VCCIO4                                   ; power  ;              ; 3.3V    ; --         ;                 ; --       ; --           ;
; 45       ;            ;          ; GND                                      ; gnd    ;              ;         ; --         ;                 ; --       ; --           ;
; 46       ;            ;          ; VCCINT                                   ; power  ;              ; 1.5V    ; --         ;                 ; --       ; --           ;
; 47       ; 35         ; 4        ; RESERVED_INPUT                           ;        ;              ;         ; Column I/O ;                 ; no       ; Off          ;
; 48       ; 36         ; 4        ; RESERVED_INPUT                           ;        ;              ;         ; Column I/O ;                 ; --       ; --           ;
; 49       ; 37         ; 4        ; RESERVED_INPUT                           ;        ;              ;         ; Column I/O ;                 ; no       ; Off          ;
; 50       ; 38         ; 4        ; RESERVED_INPUT                           ;        ;              ;         ; Column I/O ;                 ; no       ; Off          ;
; 51       ; 39         ; 4        ; RESERVED_INPUT                           ;        ;              ;         ; Column I/O ;                 ; no       ; Off          ;
; 52       ; 40         ; 4        ; RESERVED_INPUT                           ;        ;              ;         ; Column I/O ;                 ; no       ; Off          ;
; 53       ; 41         ; 4        ; RESERVED_INPUT                           ;        ;              ;         ; Column I/O ;                 ; no       ; Off          ;
; 54       ; 42         ; 4        ; RESERVED_INPUT                           ;        ;              ;         ; Column I/O ;                 ; no       ; Off          ;
; 55       ; 43         ; 4        ; RESERVED_INPUT                           ;        ;              ;         ; Column I/O ;                 ; no       ; Off          ;
; 56       ; 44         ; 4        ; RESERVED_INPUT                           ;        ;              ;         ; Column I/O ;                 ; --       ; --           ;
; 57       ; 45         ; 4        ; RESERVED_INPUT                           ;        ;              ;         ; Column I/O ;                 ; no       ; Off          ;
; 58       ; 46         ; 4        ; RESERVED_INPUT                           ;        ;              ;         ; Column I/O ;                 ; no       ; Off          ;
; 59       ; 47         ; 4        ; RESERVED_INPUT                           ;        ;              ;         ; Column I/O ;                 ; no       ; Off          ;
; 60       ; 48         ; 4        ; RESERVED_INPUT                           ;        ;              ;         ; Column I/O ;                 ; no       ; Off          ;
; 61       ; 49         ; 4        ; RESERVED_INPUT                           ;        ;              ;         ; Column I/O ;                 ; --       ; --           ;
; 62       ; 50         ; 4        ; RESERVED_INPUT                           ;        ;              ;         ; Column I/O ;                 ; no       ; Off          ;
; 63       ;            ;          ; GND                                      ; gnd    ;              ;         ; --         ;                 ; --       ; --           ;
; 64       ;            ;          ; VCCINT                                   ; power  ;              ; 1.5V    ; --         ;                 ; --       ; --           ;
; 65       ;            ;          ; GND                                      ; gnd    ;              ;         ; --         ;                 ; --       ; --           ;
; 66       ;            ; 4        ; VCCIO4                                   ; power  ;              ; 3.3V    ; --         ;                 ; --       ; --           ;
; 67       ; 51         ; 4        ; rst                                      ; input  ; 3.3-V LVTTL  ;         ; Column I/O ; Y               ; no       ; Off          ;
; 68       ; 52         ; 4        ; RESERVED_INPUT                           ;        ;              ;         ; Column I/O ;                 ; no       ; Off          ;
; 69       ; 53         ; 4        ; RESERVED_INPUT                           ;        ;              ;         ; Column I/O ;                 ; no       ; Off          ;
; 70       ; 54         ; 4        ; RESERVED_INPUT                           ;        ;              ;         ; Column I/O ;                 ; no       ; Off          ;
; 71       ; 55         ; 4        ; RESERVED_INPUT                           ;        ;              ;         ; Column I/O ;                 ; no       ; Off          ;
; 72       ; 56         ; 4        ; RESERVED_INPUT                           ;        ;              ;         ; Column I/O ;                 ; no       ; Off          ;
; 73       ; 57         ; 3        ; RESERVED_INPUT                           ;        ;              ;         ; Row I/O    ;                 ; no       ; Off          ;
; 74       ; 58         ; 3        ; RESERVED_INPUT                           ;        ;              ;         ; Row I/O    ;                 ; no       ; Off          ;
; 75       ; 59         ; 3        ; RESERVED_INPUT                           ;        ;              ;         ; Row I/O    ;                 ; no       ; Off          ;
; 76       ; 60         ; 3        ; RESERVED_INPUT                           ;        ;              ;         ; Row I/O    ;                 ; no       ; Off          ;
; 77       ; 61         ; 3        ; RESERVED_INPUT                           ;        ;              ;         ; Row I/O    ;                 ; no       ; Off          ;
; 78       ; 62         ; 3        ; RESERVED_INPUT                           ;        ;              ;         ; Row I/O    ;                 ; no       ; Off          ;
; 79       ; 63         ; 3        ; RESERVED_INPUT                           ;        ;              ;         ; Row I/O    ;                 ; --       ; --           ;
; 80       ;            ;          ; GND                                      ; gnd    ;              ;         ; --         ;                 ; --       ; --           ;
; 81       ;            ; 3        ; VCCIO3                                   ; power  ;              ; 3.3V    ; --         ;                 ; --       ; --           ;
; 82       ; 64         ; 3        ; RESERVED_INPUT                           ;        ;              ;         ; Row I/O    ;                 ; no       ; Off          ;
; 83       ; 65         ; 3        ; RESERVED_INPUT                           ;        ;              ;         ; Row I/O    ;                 ; no       ; Off          ;
; 84       ; 66         ; 3        ; RESERVED_INPUT                           ;        ;              ;         ; Row I/O    ;                 ; no       ; Off          ;
; 85       ; 67         ; 3        ; RESERVED_INPUT                           ;        ;              ;         ; Row I/O    ;                 ; no       ; Off          ;
; 86       ; 68         ; 3        ; ^CONF_DONE                               ;        ;              ;         ; --         ;                 ; --       ; --           ;
; 87       ; 69         ; 3        ; ^nSTATUS                                 ;        ;              ;         ; --         ;                 ; --       ; --           ;
; 88       ; 70         ; 3        ; #TCK                                     ; input  ;              ;         ; --         ;                 ; --       ; --           ;
; 89       ; 71         ; 3        ; #TMS                                     ; input  ;              ;         ; --         ;                 ; --       ; --           ;
; 90       ; 72         ; 3        ; #TDO                                     ; output ;              ;         ; --         ;                 ; --       ; --           ;
; 91       ; 73         ; 3        ; RESERVED_INPUT                           ;        ;              ;         ; Row I/O    ;                 ; no       ; Off          ;
; 92       ; 74         ; 3        ; clk                                      ; input  ; 3.3-V LVTTL  ;         ; Row I/O    ; Y               ; no       ; Off          ;
; 93       ; 75         ; 3        ; GND+                                     ;        ;              ;         ; Row I/O    ;                 ; --       ; --           ;
; 94       ; 76         ; 3        ; RESERVED_INPUT                           ;        ;              ;         ; Row I/O    ;                 ; no       ; Off          ;
; 95       ; 77         ; 3        ; #TDI                                     ; input  ;              ;         ; --         ;                 ; --       ; --           ;
; 96       ; 78         ; 3        ; lcd_rs                                   ; output ; 3.3-V LVTTL  ;         ; Row I/O    ; Y               ; no       ; Off          ;
; 97       ; 79         ; 3        ; lcd_rw                                   ; output ; 3.3-V LVTTL  ;         ; Row I/O    ; Y               ; no       ; Off          ;
; 98       ; 80         ; 3        ; lcd_e                                    ; output ; 3.3-V LVTTL  ;         ; Row I/O    ; Y               ; no       ; Off          ;
; 99       ; 81         ; 3        ; lcd_db[0]                                ; output ; 3.3-V LVTTL  ;         ; Row I/O    ; Y               ; no       ; Off          ;
; 100      ; 82         ; 3        ; lcd_db[1]                                ; output ; 3.3-V LVTTL  ;         ; Row I/O    ; Y               ; no       ; Off          ;
; 101      ;            ;          ; GND                                      ; gnd    ;              ;         ; --         ;                 ; --       ; --           ;
; 102      ;            ; 3        ; VCCIO3                                   ; power  ;              ; 3.3V    ; --         ;                 ; --       ; --           ;
; 103      ; 83         ; 3        ; RESERVED_INPUT                           ;        ;              ;         ; Row I/O    ;                 ; no       ; Off          ;
; 104      ; 84         ; 3        ; RESERVED_INPUT                           ;        ;              ;         ; Row I/O    ;                 ; --       ; --           ;
; 105      ; 85         ; 3        ; RESERVED_INPUT                           ;        ;              ;         ; Row I/O    ;                 ; no       ; Off          ;
; 106      ; 86         ; 3        ; RESERVED_INPUT                           ;        ;              ;         ; Row I/O    ;                 ; no       ; Off          ;
; 107      ; 87         ; 3        ; RESERVED_INPUT                           ;        ;              ;         ; Row I/O    ;                 ; no       ; Off          ;
; 108      ; 88         ; 3        ; lcd_db[2]                                ; output ; 3.3-V LVTTL  ;         ; Row I/O    ; Y               ; no       ; Off          ;
; 109      ; 89         ; 2        ; lcd_db[3]                                ; output ; 3.3-V LVTTL  ;         ; Column I/O ; Y               ; no       ; Off          ;
; 110      ; 90         ; 2        ; lcd_db[4]                                ; output ; 3.3-V LVTTL  ;         ; Column I/O ; Y               ; no       ; Off          ;
; 111      ; 91         ; 2        ; lcd_db[5]                                ; output ; 3.3-V LVTTL  ;         ; Column I/O ; Y               ; no       ; Off          ;
; 112      ; 92         ; 2        ; lcd_db[6]                                ; output ; 3.3-V LVTTL  ;         ; Column I/O ; Y               ; no       ; Off          ;
; 113      ; 93         ; 2        ; lcd_db[7]                                ; output ; 3.3-V LVTTL  ;         ; Column I/O ; Y               ; no       ; Off          ;
; 114      ; 94         ; 2        ; RESERVED_INPUT                           ;        ;              ;         ; Column I/O ;                 ; no       ; Off          ;
; 115      ;            ; 2        ; VCCIO2                                   ; power  ;              ; 3.3V    ; --         ;                 ; --       ; --           ;
; 116      ;            ;          ; GND                                      ; gnd    ;              ;         ; --         ;                 ; --       ; --           ;
; 117      ;            ;          ; VCCINT                                   ; power  ;              ; 1.5V    ; --         ;                 ; --       ; --           ;
; 118      ;            ;          ; GND                                      ; gnd    ;              ;         ; --         ;                 ; --       ; --           ;
; 119      ; 95         ; 2        ; RESERVED_INPUT                           ;        ;              ;         ; Column I/O ;                 ; no       ; Off          ;
; 120      ; 96         ; 2        ; RESERVED_INPUT                           ;        ;              ;         ; Column I/O ;                 ; --       ; --           ;
; 121      ; 97         ; 2        ; RESERVED_INPUT                           ;        ;              ;         ; Column I/O ;                 ; no       ; Off          ;
; 122      ; 98         ; 2        ; RESERVED_INPUT                           ;        ;              ;         ; Column I/O ;                 ; no       ; Off          ;
; 123      ; 99         ; 2        ; RESERVED_INPUT                           ;        ;              ;         ; Column I/O ;                 ; no       ; Off          ;
; 124      ; 100        ; 2        ; RESERVED_INPUT                           ;        ;              ;         ; Column I/O ;                 ; no       ; Off          ;
; 125      ; 101        ; 2        ; RESERVED_INPUT                           ;        ;              ;         ; Column I/O ;                 ; --       ; --           ;
; 126      ; 102        ; 2        ; RESERVED_INPUT                           ;        ;              ;         ; Column I/O ;                 ; no       ; Off          ;
; 127      ; 103        ; 2        ; RESERVED_INPUT                           ;        ;              ;         ; Column I/O ;                 ; no       ; Off          ;
; 128      ; 104        ; 2        ; RESERVED_INPUT                           ;        ;              ;         ; Column I/O ;                 ; no       ; Off          ;
; 129      ; 105        ; 2        ; RESERVED_INPUT                           ;        ;              ;         ; Column I/O ;                 ; no       ; Off          ;
; 130      ; 106        ; 2        ; RESERVED_INPUT                           ;        ;              ;         ; Column I/O ;                 ; no       ; Off          ;
; 131      ; 107        ; 2        ; RESERVED_INPUT                           ;        ;              ;         ; Column I/O ;                 ; no       ; Off          ;
; 132      ; 108        ; 2        ; RESERVED_INPUT                           ;        ;              ;         ; Column I/O ;                 ; no       ; Off          ;
; 133      ; 109        ; 2        ; RESERVED_INPUT                           ;        ;              ;         ; Column I/O ;                 ; --       ; --           ;
; 134      ; 110        ; 2        ; RESERVED_INPUT                           ;        ;              ;         ; Column I/O ;                 ; no       ; Off          ;
; 135      ;            ;          ; VCCINT                                   ; power  ;              ; 1.5V    ; --         ;                 ; --       ; --           ;
; 136      ;            ;          ; GND                                      ; gnd    ;              ;         ; --         ;                 ; --       ; --           ;
; 137      ;            ; 2        ; VCCIO2                                   ; power  ;              ; 3.3V    ; --         ;                 ; --       ; --           ;
; 138      ;            ;          ; GND                                      ; gnd    ;              ;         ; --         ;                 ; --       ; --           ;
; 139      ; 111        ; 2        ; RESERVED_INPUT                           ;        ;              ;         ; Column I/O ;                 ; no       ; Off          ;
; 140      ; 112        ; 2        ; RESERVED_INPUT                           ;        ;              ;         ; Column I/O ;                 ; no       ; Off          ;
; 141      ; 113        ; 2        ; RESERVED_INPUT                           ;        ;              ;         ; Column I/O ;                 ; no       ; Off          ;
; 142      ; 114        ; 2        ; RESERVED_INPUT                           ;        ;              ;         ; Column I/O ;                 ; no       ; Off          ;
; 143      ; 115        ; 2        ; RESERVED_INPUT                           ;        ;              ;         ; Column I/O ;                 ; no       ; Off          ;
; 144      ; 116        ; 2        ; RESERVED_INPUT                           ;        ;              ;         ; Column I/O ;                 ; no       ; Off          ;
+----------+------------+----------+------------------------------------------+--------+--------------+---------+------------+-----------------+----------+--------------+
Note: Pin directions (input, output or bidir) are based on device operating in user mode.


+------------------------------------------------------------------+
; Output Pin Default Load For Reported TCO                         ;
+---------------------+-------+------------------------------------+
; I/O Standard        ; Load  ; Termination Resistance             ;
+---------------------+-------+------------------------------------+
; 3.3-V LVTTL         ; 10 pF ; Not Available                      ;
; 3.3-V LVCMOS        ; 10 pF ; Not Available                      ;
; 2.5 V               ; 10 pF ; Not Available                      ;
; 1.8 V               ; 10 pF ; Not Available                      ;
; 1.5 V               ; 10 pF ; Not Available                      ;
; SSTL-3 Class I      ; 30 pF ; 50 Ohm (Parallel), 25 Ohm (Serial) ;
; SSTL-3 Class II     ; 30 pF ; 25 Ohm (Parallel), 25 Ohm (Serial) ;
; SSTL-2 Class I      ; 30 pF ; 50 Ohm (Parallel), 25 Ohm (Serial) ;
; SSTL-2 Class II     ; 30 pF ; 25 Ohm (Parallel), 25 Ohm (Serial) ;
; Differential SSTL-2 ; 10 pF ; (See SSTL-2)                       ;
; LVDS                ; 4 pF  ; 100 Ohm (Differential)             ;
; RSDS                ; 10 pF ; 100 Ohm (Differential)             ;
+---------------------+-------+------------------------------------+
Note: User assignments will override these defaults. The user specified values are listed in the Output Pins and Bidir Pins tables.


+-------------------------------------------------------------------------------------------------------------------------------------------------------------------------------------------------------------------------------------------------+
; Fitter Resource Utilization by Entity                                                                                                                                                                                                           ;
+----------------------------+-------------+--------------+-------------+------+------+--------------+--------------+-------------------+------------------+-----------------+------------+----------------------------------------+--------------+
; Compilation Hierarchy Node ; Logic Cells ; LC Registers ; Memory Bits ; M4Ks ; Pins ; Virtual Pins ; LUT-Only LCs ; Register-Only LCs ; LUT/Register LCs ; Carry Chain LCs ; Packed LCs ; Full Hierarchy Name                    ; Library Name ;
+----------------------------+-------------+--------------+-------------+------+------+--------------+--------------+-------------------+------------------+-----------------+------------+----------------------------------------+--------------+
; |ControllerTest_TOP        ; 232 (0)     ; 54           ; 0           ; 0    ; 13   ; 0            ; 178 (0)      ; 0 (0)             ; 54 (0)           ; 37 (0)          ; 0 (0)      ; |ControllerTest_TOP                    ; work         ;
;    |lcd_controller:LCD|    ; 232 (232)   ; 54           ; 0           ; 0    ; 0    ; 0            ; 178 (178)    ; 0 (0)             ; 54 (54)          ; 37 (37)         ; 0 (0)      ; |ControllerTest_TOP|lcd_controller:LCD ; work         ;
+----------------------------+-------------+--------------+-------------+------+------+--------------+--------------+-------------------+------------------+-----------------+------------+----------------------------------------+--------------+
Note: For table entries with two numbers listed, the numbers in parentheses indicate the number of resources of the given type used by the specific entity alone. The numbers listed outside of parentheses indicate the total resources of the given type used by the specific entity and all of its sub-entities in the hierarchy.


+------------------------------------------------------------------------------------+
; Delay Chain Summary                                                                ;
+-----------+----------+---------------+---------------+-----------------------+-----+
; Name      ; Pin Type ; Pad to Core 0 ; Pad to Core 1 ; Pad to Input Register ; TCO ;
+-----------+----------+---------------+---------------+-----------------------+-----+
; lcd_e     ; Output   ; --            ; --            ; --                    ; --  ;
; lcd_rs    ; Output   ; --            ; --            ; --                    ; --  ;
; lcd_rw    ; Output   ; --            ; --            ; --                    ; --  ;
; lcd_db[0] ; Output   ; --            ; --            ; --                    ; --  ;
; lcd_db[1] ; Output   ; --            ; --            ; --                    ; --  ;
; lcd_db[2] ; Output   ; --            ; --            ; --                    ; --  ;
; lcd_db[3] ; Output   ; --            ; --            ; --                    ; --  ;
; lcd_db[4] ; Output   ; --            ; --            ; --                    ; --  ;
; lcd_db[5] ; Output   ; --            ; --            ; --                    ; --  ;
; lcd_db[6] ; Output   ; --            ; --            ; --                    ; --  ;
; lcd_db[7] ; Output   ; --            ; --            ; --                    ; --  ;
; clk       ; Input    ; OFF           ; OFF           ; --                    ; --  ;
; rst       ; Input    ; ON            ; ON            ; --                    ; --  ;
+-----------+----------+---------------+---------------+-----------------------+-----+


+--------------------------------------------------------------------------+
; Pad To Core Delay Chain Fanout                                           ;
+--------------------------------------------+-------------------+---------+
; Source Pin / Fanout                        ; Pad To Core Index ; Setting ;
+--------------------------------------------+-------------------+---------+
; clk                                        ;                   ;         ;
; rst                                        ;                   ;         ;
;      - lcd_controller:LCD|state.initialize ; 0                 ; ON      ;
;      - lcd_controller:LCD|state.send       ; 0                 ; ON      ;
;      - lcd_controller:LCD|state.power_up   ; 0                 ; ON      ;
;      - lcd_controller:LCD|state.line1      ; 0                 ; ON      ;
;      - lcd_controller:LCD|state.line2      ; 0                 ; ON      ;
;      - lcd_controller:LCD|state.RESETLINE  ; 0                 ; ON      ;
;      - lcd_controller:LCD|state~14         ; 0                 ; ON      ;
;      - lcd_controller:LCD|state~18         ; 0                 ; ON      ;
+--------------------------------------------+-------------------+---------+


+-----------------------------------------------------------------------------------------------------------------------------+
; Control Signals                                                                                                             ;
+----------------------------------+--------------+---------+--------------+--------+----------------------+------------------+
; Name                             ; Location     ; Fan-Out ; Usage        ; Global ; Global Resource Used ; Global Line Name ;
+----------------------------------+--------------+---------+--------------+--------+----------------------+------------------+
; clk                              ; PIN_92       ; 54      ; Clock        ; yes    ; Global Clock         ; GCLK7            ;
; lcd_controller:LCD|Selector50~2  ; LC_X16_Y9_N9 ; 4       ; Clock enable ; no     ; --                   ; --               ;
; lcd_controller:LCD|lcd_data[2]~1 ; LC_X11_Y7_N1 ; 5       ; Clock enable ; no     ; --                   ; --               ;
+----------------------------------+--------------+---------+--------------+--------+----------------------+------------------+


+---------------------------------------------------------------------+
; Global & Other Fast Signals                                         ;
+------+----------+---------+----------------------+------------------+
; Name ; Location ; Fan-Out ; Global Resource Used ; Global Line Name ;
+------+----------+---------+----------------------+------------------+
; clk  ; PIN_92   ; 54      ; Global Clock         ; GCLK7            ;
+------+----------+---------+----------------------+------------------+


+------------------------------------------------+
; Non-Global High Fan-Out Signals                ;
+--------------------------------------+---------+
; Name                                 ; Fan-Out ;
+--------------------------------------+---------+
; lcd_controller:LCD|state.RESETLINE   ; 39      ;
; lcd_controller:LCD|Selector40~0      ; 35      ;
; lcd_controller:LCD|clk_count[17]~2   ; 31      ;
; lcd_controller:LCD|state.send        ; 21      ;
; lcd_controller:LCD|state.initialize  ; 15      ;
; lcd_controller:LCD|ptr[3]            ; 14      ;
; lcd_controller:LCD|ptr[2]            ; 14      ;
; lcd_controller:LCD|ptr[0]            ; 14      ;
; lcd_controller:LCD|Add0~135          ; 14      ;
; lcd_controller:LCD|ptr[1]            ; 12      ;
; lcd_controller:LCD|Add0~140          ; 11      ;
; lcd_controller:LCD|state.line1       ; 10      ;
; lcd_controller:LCD|state.line2       ; 9       ;
; lcd_controller:LCD|clk_count[31]     ; 9       ;
; lcd_controller:LCD|Add0~105          ; 9       ;
; lcd_controller:LCD|Add0~80           ; 9       ;
; lcd_controller:LCD|Add0~75           ; 9       ;
; lcd_controller:LCD|Add0~70           ; 9       ;
; rst                                  ; 8       ;
; lcd_controller:LCD|Add0~65           ; 8       ;
; lcd_controller:LCD|Selector0~0       ; 7       ;
; lcd_controller:LCD|clk_count[7]      ; 7       ;
; lcd_controller:LCD|Add0~110          ; 7       ;
; lcd_controller:LCD|Add0~100          ; 7       ;
; lcd_controller:LCD|Add0~85           ; 7       ;
; lcd_controller:LCD|Equal0~1          ; 6       ;
; lcd_controller:LCD|state.power_up    ; 6       ;
; lcd_controller:LCD|LessThan9~4       ; 6       ;
; lcd_controller:LCD|clk_count[6]      ; 6       ;
; lcd_controller:LCD|clk_count[8]      ; 6       ;
; lcd_controller:LCD|clk_count[9]      ; 6       ;
; lcd_controller:LCD|Add0~130          ; 6       ;
; lcd_controller:LCD|Add0~125          ; 6       ;
; lcd_controller:LCD|Add0~115          ; 6       ;
; lcd_controller:LCD|Add0~95           ; 6       ;
; lcd_controller:LCD|Add0~90           ; 6       ;
; lcd_controller:LCD|lcd_data[2]~1     ; 5       ;
; lcd_controller:LCD|clk_count[2]      ; 5       ;
; lcd_controller:LCD|clk_count[5]      ; 5       ;
; lcd_controller:LCD|clk_count[11]     ; 5       ;
; lcd_controller:LCD|clk_count[10]     ; 5       ;
; lcd_controller:LCD|LessThan2~2       ; 5       ;
; lcd_controller:LCD|LessThan5~1       ; 5       ;
; lcd_controller:LCD|LessThan7~5       ; 5       ;
; lcd_controller:LCD|Add0~157          ; 5       ;
; lcd_controller:LCD|Add0~127          ; 5       ;
; lcd_controller:LCD|Add0~120          ; 5       ;
; lcd_controller:LCD|Add0~112          ; 5       ;
; lcd_controller:LCD|Add0~72           ; 5       ;
; lcd_controller:LCD|Add0~42           ; 5       ;
; lcd_controller:LCD|Add0~17           ; 5       ;
; lcd_controller:LCD|Selector50~2      ; 4       ;
; lcd_controller:LCD|line              ; 4       ;
; lcd_controller:LCD|LessThan1~2       ; 4       ;
; lcd_controller:LCD|clk_count[4]      ; 4       ;
; lcd_controller:LCD|clk_count[3]      ; 4       ;
; lcd_controller:LCD|LessThan7~4       ; 4       ;
; lcd_controller:LCD|LessThan7~2       ; 4       ;
; lcd_controller:LCD|lcd_data[3]       ; 4       ;
; lcd_controller:LCD|e                 ; 4       ;
; lcd_controller:LCD|Add0~145          ; 4       ;
; lcd_controller:LCD|LessThan9~5       ; 3       ;
; lcd_controller:LCD|ptr[4]            ; 3       ;
; lcd_controller:LCD|Selector0~2       ; 3       ;
; lcd_controller:LCD|lcd_data[2]~0     ; 3       ;
; lcd_controller:LCD|state~12          ; 3       ;
; lcd_controller:LCD|LessThan0~6       ; 3       ;
; lcd_controller:LCD|Selector42~0      ; 3       ;
; lcd_controller:LCD|LessThan3~2       ; 3       ;
; lcd_controller:LCD|clk_count[1]      ; 3       ;
; lcd_controller:LCD|LessThan12~3      ; 3       ;
; lcd_controller:LCD|clk_count[21]     ; 3       ;
; lcd_controller:LCD|clk_count[18]     ; 3       ;
; lcd_controller:LCD|clk_count[17]     ; 3       ;
; lcd_controller:LCD|clk_count[13]     ; 3       ;
; lcd_controller:LCD|clk_count[12]     ; 3       ;
; lcd_controller:LCD|LessThan5~4       ; 3       ;
; lcd_controller:LCD|state~9           ; 3       ;
; lcd_controller:LCD|LessThan4~3       ; 3       ;
; lcd_controller:LCD|LessThan8~6       ; 3       ;
; lcd_controller:LCD|state~8           ; 3       ;
; lcd_controller:LCD|LessThan8~5       ; 3       ;
; lcd_controller:LCD|LessThan7~8       ; 3       ;
; lcd_controller:LCD|LessThan7~7       ; 3       ;
; lcd_controller:LCD|LessThan8~0       ; 3       ;
; lcd_controller:LCD|lcd_data[7]       ; 3       ;
; lcd_controller:LCD|lcd_data[6]       ; 3       ;
; lcd_controller:LCD|rs                ; 3       ;
; lcd_controller:LCD|Add0~60           ; 3       ;
; lcd_controller:LCD|Add0~55           ; 3       ;
; lcd_controller:LCD|state~23          ; 2       ;
; lcd_controller:LCD|Selector50~0      ; 2       ;
; lcd_controller:LCD|state~16          ; 2       ;
; lcd_controller:LCD|state~15          ; 2       ;
; lcd_controller:LCD|Selector40~2      ; 2       ;
; lcd_controller:LCD|Selector44~4      ; 2       ;
; lcd_controller:LCD|Selector43~1      ; 2       ;
; lcd_controller:LCD|state~13          ; 2       ;
; lcd_controller:LCD|Selector41~1      ; 2       ;
; lcd_controller:LCD|state~11          ; 2       ;
; lcd_controller:LCD|LessThan6~5       ; 2       ;
; lcd_controller:LCD|Selector44~1      ; 2       ;
; lcd_controller:LCD|LessThan9~1       ; 2       ;
; lcd_controller:LCD|clk_count[30]     ; 2       ;
; lcd_controller:LCD|clk_count[29]     ; 2       ;
; lcd_controller:LCD|clk_count[28]     ; 2       ;
; lcd_controller:LCD|clk_count[27]     ; 2       ;
; lcd_controller:LCD|LessThan10~3      ; 2       ;
; lcd_controller:LCD|LessThan10~1      ; 2       ;
; lcd_controller:LCD|LessThan9~0       ; 2       ;
; lcd_controller:LCD|LessThan0~1       ; 2       ;
; lcd_controller:LCD|clk_count[15]     ; 2       ;
; lcd_controller:LCD|clk_count[14]     ; 2       ;
; lcd_controller:LCD|clk_count[16]     ; 2       ;
; lcd_controller:LCD|LessThan0~0       ; 2       ;
; lcd_controller:LCD|clk_count[20]     ; 2       ;
; lcd_controller:LCD|clk_count[19]     ; 2       ;
; lcd_controller:LCD|LessThan12~1      ; 2       ;
; lcd_controller:LCD|clk_count[25]     ; 2       ;
; lcd_controller:LCD|clk_count[24]     ; 2       ;
; lcd_controller:LCD|clk_count[26]     ; 2       ;
; lcd_controller:LCD|clk_count[23]     ; 2       ;
; lcd_controller:LCD|clk_count[22]     ; 2       ;
; lcd_controller:LCD|LessThan6~4       ; 2       ;
; lcd_controller:LCD|LessThan6~2       ; 2       ;
; lcd_controller:LCD|LessThan6~1       ; 2       ;
; lcd_controller:LCD|Selector45~2      ; 2       ;
; lcd_controller:LCD|LessThan8~2       ; 2       ;
; lcd_controller:LCD|LessThan6~0       ; 2       ;
; lcd_controller:LCD|LessThan1~0       ; 2       ;
; lcd_controller:LCD|Add0~50           ; 2       ;
; lcd_controller:LCD|Add0~45           ; 2       ;
; lcd_controller:LCD|Add0~40           ; 2       ;
; lcd_controller:LCD|Add0~35           ; 2       ;
; lcd_controller:LCD|Add0~30           ; 2       ;
; lcd_controller:LCD|Add0~25           ; 2       ;
; lcd_controller:LCD|Add0~20           ; 2       ;
; lcd_controller:LCD|Add0~15           ; 2       ;
; lcd_controller:LCD|Add0~10           ; 2       ;
; lcd_controller:LCD|Add0~5            ; 2       ;
; lcd_controller:LCD|Add0~0            ; 2       ;
; lcd_controller:LCD|LessThan7~10      ; 1       ;
; lcd_controller:LCD|Selector45~16     ; 1       ;
; lcd_controller:LCD|clk_count[0]      ; 1       ;
; lcd_controller:LCD|Selector46~0      ; 1       ;
; lcd_controller:LCD|Selector51~1      ; 1       ;
; lcd_controller:LCD|Selector51~0      ; 1       ;
; lcd_controller:LCD|Equal0~0          ; 1       ;
; lcd_controller:LCD|clk_count[17]~1   ; 1       ;
; lcd_controller:LCD|clk_count[17]~0   ; 1       ;
; lcd_controller:LCD|state~18          ; 1       ;
; lcd_controller:LCD|state~14          ; 1       ;
; lcd_controller:LCD|Selector37~0      ; 1       ;
; lcd_controller:LCD|Selector38~2      ; 1       ;
; lcd_controller:LCD|Selector38~1      ; 1       ;
; lcd_controller:LCD|Selector38~0      ; 1       ;
; lcd_controller:LCD|Mux1~0            ; 1       ;
; lcd_controller:LCD|Selector39~0      ; 1       ;
; lcd_controller:LCD|Selector40~1      ; 1       ;
; lcd_controller:LCD|Mux3~0            ; 1       ;
; lcd_controller:LCD|Selector41~6      ; 1       ;
; lcd_controller:LCD|Selector41~5      ; 1       ;
; lcd_controller:LCD|Selector41~4      ; 1       ;
; lcd_controller:LCD|Mux4~0            ; 1       ;
; lcd_controller:LCD|Selector41~3      ; 1       ;
; lcd_controller:LCD|Selector41~2      ; 1       ;
; lcd_controller:LCD|Selector0~1       ; 1       ;
; lcd_controller:LCD|Selector42~3      ; 1       ;
; lcd_controller:LCD|Selector42~2      ; 1       ;
; lcd_controller:LCD|Selector42~1      ; 1       ;
; lcd_controller:LCD|Mux5~0            ; 1       ;
; lcd_controller:LCD|Mux13~0           ; 1       ;
; lcd_controller:LCD|Selector43~2      ; 1       ;
; lcd_controller:LCD|Selector43~0      ; 1       ;
; lcd_controller:LCD|Mux6~0            ; 1       ;
; lcd_controller:LCD|Mux14~0           ; 1       ;
; lcd_controller:LCD|Selector41~0      ; 1       ;
; lcd_controller:LCD|Selector44~2      ; 1       ;
; lcd_controller:LCD|state~10          ; 1       ;
; lcd_controller:LCD|Selector44~0      ; 1       ;
; lcd_controller:LCD|Mux7~0            ; 1       ;
; lcd_controller:LCD|Mux15~0           ; 1       ;
; lcd_controller:LCD|LessThan0~5       ; 1       ;
; lcd_controller:LCD|LessThan0~4       ; 1       ;
; lcd_controller:LCD|LessThan0~3       ; 1       ;
; lcd_controller:LCD|LessThan0~2       ; 1       ;
; lcd_controller:LCD|Selector35~0      ; 1       ;
; lcd_controller:LCD|Selector45~14     ; 1       ;
; lcd_controller:LCD|Selector45~13     ; 1       ;
; lcd_controller:LCD|LessThan3~1       ; 1       ;
; lcd_controller:LCD|LessThan3~0       ; 1       ;
; lcd_controller:LCD|LessThan1~1       ; 1       ;
; lcd_controller:LCD|LessThan7~9       ; 1       ;
; lcd_controller:LCD|Selector45~12     ; 1       ;
; lcd_controller:LCD|Selector45~11     ; 1       ;
; lcd_controller:LCD|Selector45~10     ; 1       ;
; lcd_controller:LCD|Selector45~9      ; 1       ;
; lcd_controller:LCD|Selector45~8      ; 1       ;
; lcd_controller:LCD|Selector45~7      ; 1       ;
; lcd_controller:LCD|LessThan9~3       ; 1       ;
; lcd_controller:LCD|LessThan9~2       ; 1       ;
; lcd_controller:LCD|LessThan10~4      ; 1       ;
; lcd_controller:LCD|LessThan10~2      ; 1       ;
; lcd_controller:LCD|LessThan10~0      ; 1       ;
; lcd_controller:LCD|LessThan12~6      ; 1       ;
; lcd_controller:LCD|LessThan12~5      ; 1       ;
; lcd_controller:LCD|LessThan12~4      ; 1       ;
; lcd_controller:LCD|LessThan12~2      ; 1       ;
; lcd_controller:LCD|LessThan12~0      ; 1       ;
; lcd_controller:LCD|Selector45~6      ; 1       ;
; lcd_controller:LCD|Selector45~5      ; 1       ;
; lcd_controller:LCD|LessThan5~3       ; 1       ;
; lcd_controller:LCD|LessThan5~2       ; 1       ;
; lcd_controller:LCD|Selector45~4      ; 1       ;
; lcd_controller:LCD|Selector45~3      ; 1       ;
; lcd_controller:LCD|LessThan6~3       ; 1       ;
; lcd_controller:LCD|LessThan4~2       ; 1       ;
; lcd_controller:LCD|LessThan4~1       ; 1       ;
; lcd_controller:LCD|LessThan2~1       ; 1       ;
; lcd_controller:LCD|LessThan2~0       ; 1       ;
; lcd_controller:LCD|LessThan5~0       ; 1       ;
; lcd_controller:LCD|LessThan8~4       ; 1       ;
; lcd_controller:LCD|LessThan8~3       ; 1       ;
; lcd_controller:LCD|LessThan8~1       ; 1       ;
; lcd_controller:LCD|LessThan7~6       ; 1       ;
; lcd_controller:LCD|LessThan4~0       ; 1       ;
; lcd_controller:LCD|LessThan7~3       ; 1       ;
; lcd_controller:LCD|lcd_data[5]       ; 1       ;
; lcd_controller:LCD|lcd_data[4]       ; 1       ;
; lcd_controller:LCD|lcd_data[2]       ; 1       ;
; lcd_controller:LCD|lcd_data[1]       ; 1       ;
; lcd_controller:LCD|lcd_data[0]       ; 1       ;
; lcd_controller:LCD|Add1~22COUT1_31   ; 1       ;
; lcd_controller:LCD|Add1~22           ; 1       ;
; lcd_controller:LCD|Add1~15           ; 1       ;
; lcd_controller:LCD|Add0~155          ; 1       ;
; lcd_controller:LCD|Add1~12COUT1_37   ; 1       ;
; lcd_controller:LCD|Add1~12           ; 1       ;
; lcd_controller:LCD|Add1~10           ; 1       ;
; lcd_controller:LCD|Add1~7COUT1_35    ; 1       ;
; lcd_controller:LCD|Add1~7            ; 1       ;
; lcd_controller:LCD|Add1~5            ; 1       ;
; lcd_controller:LCD|Add1~2COUT1_33    ; 1       ;
; lcd_controller:LCD|Add1~2            ; 1       ;
; lcd_controller:LCD|Add1~0            ; 1       ;
; lcd_controller:LCD|Add0~152COUT1_186 ; 1       ;
; lcd_controller:LCD|Add0~152          ; 1       ;
; lcd_controller:LCD|Add0~150          ; 1       ;
; lcd_controller:LCD|Add0~147COUT1_188 ; 1       ;
; lcd_controller:LCD|Add0~147          ; 1       ;
; lcd_controller:LCD|Add0~137          ; 1       ;
; lcd_controller:LCD|Add0~132COUT1_210 ; 1       ;
; lcd_controller:LCD|Add0~132          ; 1       ;
; lcd_controller:LCD|Add0~122COUT1_206 ; 1       ;
; lcd_controller:LCD|Add0~122          ; 1       ;
; lcd_controller:LCD|Add0~117COUT1_192 ; 1       ;
; lcd_controller:LCD|Add0~117          ; 1       ;
; lcd_controller:LCD|Add0~107COUT1_194 ; 1       ;
; lcd_controller:LCD|Add0~107          ; 1       ;
; lcd_controller:LCD|Add0~102COUT1_198 ; 1       ;
; lcd_controller:LCD|Add0~102          ; 1       ;
; lcd_controller:LCD|Add0~97COUT1_196  ; 1       ;
; lcd_controller:LCD|Add0~97           ; 1       ;
; lcd_controller:LCD|Add0~92COUT1_190  ; 1       ;
; lcd_controller:LCD|Add0~92           ; 1       ;
; lcd_controller:LCD|Add0~87COUT1_208  ; 1       ;
; lcd_controller:LCD|Add0~87           ; 1       ;
; lcd_controller:LCD|Add0~82COUT1_202  ; 1       ;
; lcd_controller:LCD|Add0~82           ; 1       ;
; lcd_controller:LCD|Add0~77COUT1_204  ; 1       ;
; lcd_controller:LCD|Add0~77           ; 1       ;
; lcd_controller:LCD|Add0~67COUT1_200  ; 1       ;
; lcd_controller:LCD|Add0~67           ; 1       ;
; lcd_controller:LCD|Add0~62COUT1_232  ; 1       ;
; lcd_controller:LCD|Add0~62           ; 1       ;
; lcd_controller:LCD|Add0~57COUT1_230  ; 1       ;
; lcd_controller:LCD|Add0~57           ; 1       ;
; lcd_controller:LCD|Add0~52COUT1_228  ; 1       ;
; lcd_controller:LCD|Add0~52           ; 1       ;
; lcd_controller:LCD|Add0~47COUT1_226  ; 1       ;
; lcd_controller:LCD|Add0~47           ; 1       ;
; lcd_controller:LCD|Add0~37COUT1_224  ; 1       ;
; lcd_controller:LCD|Add0~37           ; 1       ;
; lcd_controller:LCD|Add0~32COUT1_222  ; 1       ;
; lcd_controller:LCD|Add0~32           ; 1       ;
; lcd_controller:LCD|Add0~27COUT1_220  ; 1       ;
; lcd_controller:LCD|Add0~27           ; 1       ;
; lcd_controller:LCD|Add0~22COUT1_218  ; 1       ;
; lcd_controller:LCD|Add0~22           ; 1       ;
; lcd_controller:LCD|Add0~12COUT1_216  ; 1       ;
; lcd_controller:LCD|Add0~12           ; 1       ;
; lcd_controller:LCD|Add0~7COUT1_214   ; 1       ;
; lcd_controller:LCD|Add0~7            ; 1       ;
; lcd_controller:LCD|Add0~2COUT1_212   ; 1       ;
; lcd_controller:LCD|Add0~2            ; 1       ;
+--------------------------------------+---------+


+-----------------------------------------------------+
; Other Routing Usage Summary                         ;
+-----------------------------+-----------------------+
; Other Routing Resource Type ; Usage                 ;
+-----------------------------+-----------------------+
; C4s                         ; 184 / 8,840 ( 2 % )   ;
; Direct links                ; 68 / 11,506 ( < 1 % ) ;
; Global clocks               ; 1 / 8 ( 13 % )        ;
; LAB clocks                  ; 8 / 156 ( 5 % )       ;
; LUT chains                  ; 35 / 2,619 ( 1 % )    ;
; Local interconnects         ; 382 / 11,506 ( 3 % )  ;
; M4K buffers                 ; 0 / 468 ( 0 % )       ;
; R4s                         ; 197 / 7,520 ( 3 % )   ;
+-----------------------------+-----------------------+


+---------------------------------------------------------------------------+
; LAB Logic Elements                                                        ;
+--------------------------------------------+------------------------------+
; Number of Logic Elements  (Average = 8.59) ; Number of LABs  (Total = 27) ;
+--------------------------------------------+------------------------------+
; 1                                          ; 0                            ;
; 2                                          ; 1                            ;
; 3                                          ; 1                            ;
; 4                                          ; 1                            ;
; 5                                          ; 0                            ;
; 6                                          ; 3                            ;
; 7                                          ; 0                            ;
; 8                                          ; 0                            ;
; 9                                          ; 5                            ;
; 10                                         ; 16                           ;
+--------------------------------------------+------------------------------+


+-------------------------------------------------------------------+
; LAB-wide Signals                                                  ;
+------------------------------------+------------------------------+
; LAB-wide Signals  (Average = 0.74) ; Number of LABs  (Total = 27) ;
+------------------------------------+------------------------------+
; 1 Clock                            ; 17                           ;
; 1 Clock enable                     ; 3                            ;
+------------------------------------+------------------------------+


+----------------------------------------------------------------------------+
; LAB Signals Sourced                                                        ;
+---------------------------------------------+------------------------------+
; Number of Signals Sourced  (Average = 8.56) ; Number of LABs  (Total = 27) ;
+---------------------------------------------+------------------------------+
; 0                                           ; 0                            ;
; 1                                           ; 0                            ;
; 2                                           ; 1                            ;
; 3                                           ; 1                            ;
; 4                                           ; 1                            ;
; 5                                           ; 0                            ;
; 6                                           ; 3                            ;
; 7                                           ; 0                            ;
; 8                                           ; 0                            ;
; 9                                           ; 6                            ;
; 10                                          ; 15                           ;
+---------------------------------------------+------------------------------+


+--------------------------------------------------------------------------------+
; LAB Signals Sourced Out                                                        ;
+-------------------------------------------------+------------------------------+
; Number of Signals Sourced Out  (Average = 5.89) ; Number of LABs  (Total = 27) ;
+-------------------------------------------------+------------------------------+
; 0                                               ; 0                            ;
; 1                                               ; 0                            ;
; 2                                               ; 2                            ;
; 3                                               ; 1                            ;
; 4                                               ; 7                            ;
; 5                                               ; 4                            ;
; 6                                               ; 1                            ;
; 7                                               ; 4                            ;
; 8                                               ; 4                            ;
; 9                                               ; 2                            ;
; 10                                              ; 2                            ;
+-------------------------------------------------+------------------------------+


+-----------------------------------------------------------------------------+
; LAB Distinct Inputs                                                         ;
+----------------------------------------------+------------------------------+
; Number of Distinct Inputs  (Average = 13.37) ; Number of LABs  (Total = 27) ;
+----------------------------------------------+------------------------------+
; 0                                            ; 0                            ;
; 1                                            ; 0                            ;
; 2                                            ; 0                            ;
; 3                                            ; 0                            ;
; 4                                            ; 0                            ;
; 5                                            ; 1                            ;
; 6                                            ; 2                            ;
; 7                                            ; 0                            ;
; 8                                            ; 2                            ;
; 9                                            ; 2                            ;
; 10                                           ; 1                            ;
; 11                                           ; 4                            ;
; 12                                           ; 2                            ;
; 13                                           ; 0                            ;
; 14                                           ; 1                            ;
; 15                                           ; 0                            ;
; 16                                           ; 2                            ;
; 17                                           ; 2                            ;
; 18                                           ; 3                            ;
; 19                                           ; 3                            ;
; 20                                           ; 1                            ;
; 21                                           ; 1                            ;
+----------------------------------------------+------------------------------+


+--------------------------------------------------------------------+
; Fitter Device Options                                              ;
+----------------------------------------------+---------------------+
; Option                                       ; Setting             ;
+----------------------------------------------+---------------------+
; Enable user-supplied start-up clock (CLKUSR) ; Off                 ;
; Enable device-wide reset (DEV_CLRn)          ; Off                 ;
; Enable device-wide output enable (DEV_OE)    ; Off                 ;
; Enable INIT_DONE output                      ; Off                 ;
; Configuration scheme                         ; Active Serial       ;
; Error detection CRC                          ; Off                 ;
; ASDO,nCSO                                    ; As input tri-stated ;
; Reserve all unused pins                      ; As input tri-stated ;
; Base pin-out file on sameframe device        ; Off                 ;
+----------------------------------------------+---------------------+


+-----------------+
; Fitter Messages ;
+-----------------+
Info (11104): Parallel Compilation has detected 4 hyper-threaded processors. However, the extra hyper-threaded processors will not be used by default. Parallel Compilation will use 2 of the 2 physical processors detected instead.
Info (119006): Selected device EP1C3T144C8 for design "LCD1602"
Info (171003): Fitter is performing an Auto Fit compilation, which may decrease Fitter effort to reduce compilation time
Info (176444): Device migration not selected. If you intend to use device migration later, you may need to change the pin assignments as they may be incompatible with other devices
    Info (176445): Device EP1C3T144A8 is compatible
    Info (176445): Device EP1C6T144C8 is compatible
Info (169124): Fitter converted 2 user pins into dedicated programming pins
    Info (169125): Pin ~nCSO~ is reserved at location 12
    Info (169125): Pin ~ASDO~ is reserved at location 25
Critical Warning (332012): Synopsys Design Constraints File file not found: 'LCD1602.sdc'. A Synopsys Design Constraints File is required by the TimeQuest Timing Analyzer to get proper timing constraints. Without it, the Compiler will not properly optimize the design.
Info (332144): No user constrained base clocks found in the design
Info (332130): Timing requirements not specified -- quality metrics such as performance may be sacrificed to reduce compilation time.
Info (186079): Completed User Assigned Global Signals Promotion Operation
Info (186363): DQS I/O pins require 0 global routing resources
Info (186215): Automatically promoted signal "clk" to use Global clock in PIN 92
Info (186079): Completed Auto Global Promotion Operation
Info (176234): Starting register packing
Info (186391): Fitter is using Normal packing mode for logic elements with Auto setting for Auto Packed Registers logic option
Info (176243): Finished moving registers into I/O cells, LUTs, and RAM blocks
Info (176235): Finished register packing
Info (171121): Fitter preparation operations ending: elapsed time is 00:00:01
Info (170189): Fitter placement preparation operations beginning
Info (170190): Fitter placement preparation operations ending: elapsed time is 00:00:00
Info (170191): Fitter placement operations beginning
Info (170137): Fitter placement was successful
Info (170192): Fitter placement operations ending: elapsed time is 00:00:01
Info (170193): Fitter routing operations beginning
Info (170195): Router estimated average interconnect usage is 2% of the available device resources
    Info (170196): Router estimated peak interconnect usage is 3% of the available device resources in the region that extends from location X0_Y0 to location X13_Y14
Info (170194): Fitter routing operations ending: elapsed time is 00:00:01
Info (170199): The Fitter performed an Auto Fit compilation.  Optimizations were skipped to reduce compilation time.
    Info (170201): Optimizations that may affect the design's routability were skipped
Info (11888): Total time spent on timing analysis during the Fitter is 0.42 seconds.
Info (186079): Completed Fixed Delay Chain Operation
Info (306004): Started post-fitting delay annotation
Info (306005): Delay annotation completed successfully
Info (186079): Completed Auto Delay Chain Operation
Info (11218): Fitter post-fit operations ending: elapsed time is 00:00:00
Info (144001): Generated suppressed messages file C:/Users/cawoo/My Folders/Electronique/FPGA Project/16x2-LCD-Controller-VHDL/output_files/LCD1602.fit.smsg
Info: Quartus II 64-Bit Fitter was successful. 0 errors, 1 warning
    Info: Peak virtual memory: 4976 megabytes
    Info: Processing ended: Sat Dec 05 12:31:52 2020
    Info: Elapsed time: 00:00:05
    Info: Total CPU time (on all processors): 00:00:05


+----------------------------+
; Fitter Suppressed Messages ;
+----------------------------+
The suppressed messages can be found in C:/Users/cawoo/My Folders/Electronique/FPGA Project/16x2-LCD-Controller-VHDL/output_files/LCD1602.fit.smsg.


